This is pdfTeX, Version 3.141592653-2.6-1.40.22 (TeX Live 2022/dev/Debian) (preloaded format=pdflatex 2023.5.31)  25 JUL 2023 12:02
entering extended mode
 restricted \write18 enabled.
 %&-line parsing enabled.
**beamer.tex
(./beamer.tex
LaTeX2e <2021-11-15> patch level 1
L3 programming layer <2022-01-21>
(/usr/share/texlive/texmf-dist/tex/latex/beamer/beamer.cls
Document Class: beamer 2022/01/21 v3.65 A class for typesetting presentations
(/usr/share/texlive/texmf-dist/tex/latex/beamer/beamerbasemodes.sty
(/usr/share/texlive/texmf-dist/tex/latex/etoolbox/etoolbox.sty
Package: etoolbox 2020/10/05 v2.5k e-TeX tools for LaTeX (JAW)
\etb@tempcnta=\count185
)
\beamer@tempbox=\box50
\beamer@tempcount=\count186
\c@beamerpauses=\count187

(/usr/share/texlive/texmf-dist/tex/latex/beamer/beamerbasedecode.sty
\beamer@slideinframe=\count188
\beamer@minimum=\count189
\beamer@decode@box=\box51
)
\beamer@commentbox=\box52
\beamer@modecount=\count190
)
(/usr/share/texlive/texmf-dist/tex/generic/iftex/ifpdf.sty
Package: ifpdf 2019/10/25 v3.4 ifpdf legacy package. Use iftex instead.

(/usr/share/texlive/texmf-dist/tex/generic/iftex/iftex.sty
Package: iftex 2020/03/06 v1.0d TeX engine tests
))
\headdp=\dimen138
\footheight=\dimen139
\sidebarheight=\dimen140
\beamer@tempdim=\dimen141
\beamer@finalheight=\dimen142
\beamer@animht=\dimen143
\beamer@animdp=\dimen144
\beamer@animwd=\dimen145
\beamer@leftmargin=\dimen146
\beamer@rightmargin=\dimen147
\beamer@leftsidebar=\dimen148
\beamer@rightsidebar=\dimen149
\beamer@boxsize=\dimen150
\beamer@vboxoffset=\dimen151
\beamer@descdefault=\dimen152
\beamer@descriptionwidth=\dimen153
\beamer@lastskip=\skip47
\beamer@areabox=\box53
\beamer@animcurrent=\box54
\beamer@animshowbox=\box55
\beamer@sectionbox=\box56
\beamer@logobox=\box57
\beamer@linebox=\box58
\beamer@sectioncount=\count191
\beamer@subsubsectionmax=\count192
\beamer@subsectionmax=\count193
\beamer@sectionmax=\count194
\beamer@totalheads=\count195
\beamer@headcounter=\count196
\beamer@partstartpage=\count197
\beamer@sectionstartpage=\count198
\beamer@subsectionstartpage=\count199
\beamer@animationtempa=\count266
\beamer@animationtempb=\count267
\beamer@xpos=\count268
\beamer@ypos=\count269
\beamer@ypos@offset=\count270
\beamer@showpartnumber=\count271
\beamer@currentsubsection=\count272
\beamer@coveringdepth=\count273
\beamer@sectionadjust=\count274
\beamer@toclastsection=\count275
\beamer@tocsectionnumber=\count276

(/usr/share/texlive/texmf-dist/tex/latex/beamer/beamerbaseoptions.sty
(/usr/share/texlive/texmf-dist/tex/latex/graphics/keyval.sty
Package: keyval 2014/10/28 v1.15 key=value parser (DPC)
\KV@toks@=\toks16
))
\beamer@paperwidth=\skip48
\beamer@paperheight=\skip49

(/usr/share/texlive/texmf-dist/tex/latex/geometry/geometry.sty
Package: geometry 2020/01/02 v5.9 Page Geometry

(/usr/share/texlive/texmf-dist/tex/generic/iftex/ifvtex.sty
Package: ifvtex 2019/10/25 v1.7 ifvtex legacy package. Use iftex instead.
)
\Gm@cnth=\count277
\Gm@cntv=\count278
\c@Gm@tempcnt=\count279
\Gm@bindingoffset=\dimen154
\Gm@wd@mp=\dimen155
\Gm@odd@mp=\dimen156
\Gm@even@mp=\dimen157
\Gm@layoutwidth=\dimen158
\Gm@layoutheight=\dimen159
\Gm@layouthoffset=\dimen160
\Gm@layoutvoffset=\dimen161
\Gm@dimlist=\toks17
)
(/usr/share/texlive/texmf-dist/tex/latex/pgf/basiclayer/pgfcore.sty
(/usr/share/texlive/texmf-dist/tex/latex/graphics/graphicx.sty
Package: graphicx 2021/09/16 v1.2d Enhanced LaTeX Graphics (DPC,SPQR)

(/usr/share/texlive/texmf-dist/tex/latex/graphics/graphics.sty
Package: graphics 2021/03/04 v1.4d Standard LaTeX Graphics (DPC,SPQR)

(/usr/share/texlive/texmf-dist/tex/latex/graphics/trig.sty
Package: trig 2021/08/11 v1.11 sin cos tan (DPC)
)
(/usr/share/texlive/texmf-dist/tex/latex/graphics-cfg/graphics.cfg
File: graphics.cfg 2016/06/04 v1.11 sample graphics configuration
)
Package graphics Info: Driver file: pdftex.def on input line 107.

(/usr/share/texlive/texmf-dist/tex/latex/graphics-def/pdftex.def
File: pdftex.def 2020/10/05 v1.2a Graphics/color driver for pdftex
))
\Gin@req@height=\dimen162
\Gin@req@width=\dimen163
)
(/usr/share/texlive/texmf-dist/tex/latex/pgf/systemlayer/pgfsys.sty
(/usr/share/texlive/texmf-dist/tex/latex/pgf/utilities/pgfrcs.sty
(/usr/share/texlive/texmf-dist/tex/generic/pgf/utilities/pgfutil-common.tex
\pgfutil@everybye=\toks18
\pgfutil@tempdima=\dimen164
\pgfutil@tempdimb=\dimen165

(/usr/share/texlive/texmf-dist/tex/generic/pgf/utilities/pgfutil-common-lists.t
ex)) (/usr/share/texlive/texmf-dist/tex/generic/pgf/utilities/pgfutil-latex.def
\pgfutil@abb=\box59
) (/usr/share/texlive/texmf-dist/tex/generic/pgf/utilities/pgfrcs.code.tex
(/usr/share/texlive/texmf-dist/tex/generic/pgf/pgf.revision.tex)
Package: pgfrcs 2021/05/15 v3.1.9a (3.1.9a)
))
(/usr/share/texlive/texmf-dist/tex/generic/pgf/systemlayer/pgfsys.code.tex
Package: pgfsys 2021/05/15 v3.1.9a (3.1.9a)

(/usr/share/texlive/texmf-dist/tex/generic/pgf/utilities/pgfkeys.code.tex
\pgfkeys@pathtoks=\toks19
\pgfkeys@temptoks=\toks20

(/usr/share/texlive/texmf-dist/tex/generic/pgf/utilities/pgfkeysfiltered.code.t
ex
\pgfkeys@tmptoks=\toks21
))
\pgf@x=\dimen166
\pgf@y=\dimen167
\pgf@xa=\dimen168
\pgf@ya=\dimen169
\pgf@xb=\dimen170
\pgf@yb=\dimen171
\pgf@xc=\dimen172
\pgf@yc=\dimen173
\pgf@xd=\dimen174
\pgf@yd=\dimen175
\w@pgf@writea=\write3
\r@pgf@reada=\read2
\c@pgf@counta=\count280
\c@pgf@countb=\count281
\c@pgf@countc=\count282
\c@pgf@countd=\count283
\t@pgf@toka=\toks22
\t@pgf@tokb=\toks23
\t@pgf@tokc=\toks24
\pgf@sys@id@count=\count284
 (/usr/share/texlive/texmf-dist/tex/generic/pgf/systemlayer/pgf.cfg
File: pgf.cfg 2021/05/15 v3.1.9a (3.1.9a)
)
Driver file for pgf: pgfsys-pdftex.def

(/usr/share/texlive/texmf-dist/tex/generic/pgf/systemlayer/pgfsys-pdftex.def
File: pgfsys-pdftex.def 2021/05/15 v3.1.9a (3.1.9a)

(/usr/share/texlive/texmf-dist/tex/generic/pgf/systemlayer/pgfsys-common-pdf.de
f
File: pgfsys-common-pdf.def 2021/05/15 v3.1.9a (3.1.9a)
)))
(/usr/share/texlive/texmf-dist/tex/generic/pgf/systemlayer/pgfsyssoftpath.code.
tex
File: pgfsyssoftpath.code.tex 2021/05/15 v3.1.9a (3.1.9a)
\pgfsyssoftpath@smallbuffer@items=\count285
\pgfsyssoftpath@bigbuffer@items=\count286
)
(/usr/share/texlive/texmf-dist/tex/generic/pgf/systemlayer/pgfsysprotocol.code.
tex
File: pgfsysprotocol.code.tex 2021/05/15 v3.1.9a (3.1.9a)
)) (/usr/share/texlive/texmf-dist/tex/latex/xcolor/xcolor.sty
Package: xcolor 2021/10/31 v2.13 LaTeX color extensions (UK)

(/usr/share/texlive/texmf-dist/tex/latex/graphics-cfg/color.cfg
File: color.cfg 2016/01/02 v1.6 sample color configuration
)
Package xcolor Info: Driver file: pdftex.def on input line 227.
Package xcolor Info: Model `cmy' substituted by `cmy0' on input line 1352.
Package xcolor Info: Model `hsb' substituted by `rgb' on input line 1356.
Package xcolor Info: Model `RGB' extended on input line 1368.
Package xcolor Info: Model `HTML' substituted by `rgb' on input line 1370.
Package xcolor Info: Model `Hsb' substituted by `hsb' on input line 1371.
Package xcolor Info: Model `tHsb' substituted by `hsb' on input line 1372.
Package xcolor Info: Model `HSB' substituted by `hsb' on input line 1373.
Package xcolor Info: Model `Gray' substituted by `gray' on input line 1374.
Package xcolor Info: Model `wave' substituted by `hsb' on input line 1375.

(/usr/share/texlive/texmf-dist/tex/latex/graphics/dvipsnam.def
File: dvipsnam.def 2016/06/17 v3.0m Driver-dependent file (DPC,SPQR)
))
(/usr/share/texlive/texmf-dist/tex/generic/pgf/basiclayer/pgfcore.code.tex
Package: pgfcore 2021/05/15 v3.1.9a (3.1.9a)

(/usr/share/texlive/texmf-dist/tex/generic/pgf/math/pgfmath.code.tex
(/usr/share/texlive/texmf-dist/tex/generic/pgf/math/pgfmathcalc.code.tex
(/usr/share/texlive/texmf-dist/tex/generic/pgf/math/pgfmathutil.code.tex)
(/usr/share/texlive/texmf-dist/tex/generic/pgf/math/pgfmathparser.code.tex
\pgfmath@dimen=\dimen176
\pgfmath@count=\count287
\pgfmath@box=\box60
\pgfmath@toks=\toks25
\pgfmath@stack@operand=\toks26
\pgfmath@stack@operation=\toks27
)
(/usr/share/texlive/texmf-dist/tex/generic/pgf/math/pgfmathfunctions.code.tex
(/usr/share/texlive/texmf-dist/tex/generic/pgf/math/pgfmathfunctions.basic.code
.tex)
(/usr/share/texlive/texmf-dist/tex/generic/pgf/math/pgfmathfunctions.trigonomet
ric.code.tex)
(/usr/share/texlive/texmf-dist/tex/generic/pgf/math/pgfmathfunctions.random.cod
e.tex)
(/usr/share/texlive/texmf-dist/tex/generic/pgf/math/pgfmathfunctions.comparison
.code.tex)
(/usr/share/texlive/texmf-dist/tex/generic/pgf/math/pgfmathfunctions.base.code.
tex)
(/usr/share/texlive/texmf-dist/tex/generic/pgf/math/pgfmathfunctions.round.code
.tex)
(/usr/share/texlive/texmf-dist/tex/generic/pgf/math/pgfmathfunctions.misc.code.
tex)
(/usr/share/texlive/texmf-dist/tex/generic/pgf/math/pgfmathfunctions.integerari
thmetics.code.tex)))
(/usr/share/texlive/texmf-dist/tex/generic/pgf/math/pgfmathfloat.code.tex
\c@pgfmathroundto@lastzeros=\count288
))
(/usr/share/texlive/texmf-dist/tex/generic/pgf/math/pgfint.code.tex)
(/usr/share/texlive/texmf-dist/tex/generic/pgf/basiclayer/pgfcorepoints.code.te
x
File: pgfcorepoints.code.tex 2021/05/15 v3.1.9a (3.1.9a)
\pgf@picminx=\dimen177
\pgf@picmaxx=\dimen178
\pgf@picminy=\dimen179
\pgf@picmaxy=\dimen180
\pgf@pathminx=\dimen181
\pgf@pathmaxx=\dimen182
\pgf@pathminy=\dimen183
\pgf@pathmaxy=\dimen184
\pgf@xx=\dimen185
\pgf@xy=\dimen186
\pgf@yx=\dimen187
\pgf@yy=\dimen188
\pgf@zx=\dimen189
\pgf@zy=\dimen190
)
(/usr/share/texlive/texmf-dist/tex/generic/pgf/basiclayer/pgfcorepathconstruct.
code.tex
File: pgfcorepathconstruct.code.tex 2021/05/15 v3.1.9a (3.1.9a)
\pgf@path@lastx=\dimen191
\pgf@path@lasty=\dimen192
)
(/usr/share/texlive/texmf-dist/tex/generic/pgf/basiclayer/pgfcorepathusage.code
.tex
File: pgfcorepathusage.code.tex 2021/05/15 v3.1.9a (3.1.9a)
\pgf@shorten@end@additional=\dimen193
\pgf@shorten@start@additional=\dimen194
)
(/usr/share/texlive/texmf-dist/tex/generic/pgf/basiclayer/pgfcorescopes.code.te
x
File: pgfcorescopes.code.tex 2021/05/15 v3.1.9a (3.1.9a)
\pgfpic=\box61
\pgf@hbox=\box62
\pgf@layerbox@main=\box63
\pgf@picture@serial@count=\count289
)
(/usr/share/texlive/texmf-dist/tex/generic/pgf/basiclayer/pgfcoregraphicstate.c
ode.tex
File: pgfcoregraphicstate.code.tex 2021/05/15 v3.1.9a (3.1.9a)
\pgflinewidth=\dimen195
)
(/usr/share/texlive/texmf-dist/tex/generic/pgf/basiclayer/pgfcoretransformation
s.code.tex
File: pgfcoretransformations.code.tex 2021/05/15 v3.1.9a (3.1.9a)
\pgf@pt@x=\dimen196
\pgf@pt@y=\dimen197
\pgf@pt@temp=\dimen198
)
(/usr/share/texlive/texmf-dist/tex/generic/pgf/basiclayer/pgfcorequick.code.tex
File: pgfcorequick.code.tex 2021/05/15 v3.1.9a (3.1.9a)
)
(/usr/share/texlive/texmf-dist/tex/generic/pgf/basiclayer/pgfcoreobjects.code.t
ex
File: pgfcoreobjects.code.tex 2021/05/15 v3.1.9a (3.1.9a)
)
(/usr/share/texlive/texmf-dist/tex/generic/pgf/basiclayer/pgfcorepathprocessing
.code.tex
File: pgfcorepathprocessing.code.tex 2021/05/15 v3.1.9a (3.1.9a)
)
(/usr/share/texlive/texmf-dist/tex/generic/pgf/basiclayer/pgfcorearrows.code.te
x
File: pgfcorearrows.code.tex 2021/05/15 v3.1.9a (3.1.9a)
\pgfarrowsep=\dimen199
)
(/usr/share/texlive/texmf-dist/tex/generic/pgf/basiclayer/pgfcoreshade.code.tex
File: pgfcoreshade.code.tex 2021/05/15 v3.1.9a (3.1.9a)
\pgf@max=\dimen256
\pgf@sys@shading@range@num=\count290
\pgf@shadingcount=\count291
)
(/usr/share/texlive/texmf-dist/tex/generic/pgf/basiclayer/pgfcoreimage.code.tex
File: pgfcoreimage.code.tex 2021/05/15 v3.1.9a (3.1.9a)

(/usr/share/texlive/texmf-dist/tex/generic/pgf/basiclayer/pgfcoreexternal.code.
tex
File: pgfcoreexternal.code.tex 2021/05/15 v3.1.9a (3.1.9a)
\pgfexternal@startupbox=\box64
))
(/usr/share/texlive/texmf-dist/tex/generic/pgf/basiclayer/pgfcorelayers.code.te
x
File: pgfcorelayers.code.tex 2021/05/15 v3.1.9a (3.1.9a)
)
(/usr/share/texlive/texmf-dist/tex/generic/pgf/basiclayer/pgfcoretransparency.c
ode.tex
File: pgfcoretransparency.code.tex 2021/05/15 v3.1.9a (3.1.9a)
)
(/usr/share/texlive/texmf-dist/tex/generic/pgf/basiclayer/pgfcorepatterns.code.
tex
File: pgfcorepatterns.code.tex 2021/05/15 v3.1.9a (3.1.9a)
)
(/usr/share/texlive/texmf-dist/tex/generic/pgf/basiclayer/pgfcorerdf.code.tex
File: pgfcorerdf.code.tex 2021/05/15 v3.1.9a (3.1.9a)
))) (/usr/share/texlive/texmf-dist/tex/latex/base/size12.clo
File: size12.clo 2021/10/04 v1.4n Standard LaTeX file (size option)
)
(/usr/share/texlive/texmf-dist/tex/latex/pgf/utilities/xxcolor.sty
Package: xxcolor 2003/10/24 ver 0.1
\XC@nummixins=\count292
\XC@countmixins=\count293
)
(/usr/share/texlive/texmf-dist/tex/latex/base/atbegshi-ltx.sty
Package: atbegshi-ltx 2021/01/10 v1.0c Emulation of the original atbegshi
package with kernel methods
)
(/usr/share/texlive/texmf-dist/tex/latex/hyperref/hyperref.sty
Package: hyperref 2021-06-07 v7.00m Hypertext links for LaTeX

(/usr/share/texlive/texmf-dist/tex/generic/ltxcmds/ltxcmds.sty
Package: ltxcmds 2020-05-10 v1.25 LaTeX kernel commands for general use (HO)
)
(/usr/share/texlive/texmf-dist/tex/generic/pdftexcmds/pdftexcmds.sty
Package: pdftexcmds 2020-06-27 v0.33 Utility functions of pdfTeX for LuaTeX (HO
)

(/usr/share/texlive/texmf-dist/tex/generic/infwarerr/infwarerr.sty
Package: infwarerr 2019/12/03 v1.5 Providing info/warning/error messages (HO)
)
Package pdftexcmds Info: \pdf@primitive is available.
Package pdftexcmds Info: \pdf@ifprimitive is available.
Package pdftexcmds Info: \pdfdraftmode found.
)
(/usr/share/texlive/texmf-dist/tex/generic/kvsetkeys/kvsetkeys.sty
Package: kvsetkeys 2019/12/15 v1.18 Key value parser (HO)
)
(/usr/share/texlive/texmf-dist/tex/generic/kvdefinekeys/kvdefinekeys.sty
Package: kvdefinekeys 2019-12-19 v1.6 Define keys (HO)
)
(/usr/share/texlive/texmf-dist/tex/generic/pdfescape/pdfescape.sty
Package: pdfescape 2019/12/09 v1.15 Implements pdfTeX's escape features (HO)
)
(/usr/share/texlive/texmf-dist/tex/latex/hycolor/hycolor.sty
Package: hycolor 2020-01-27 v1.10 Color options for hyperref/bookmark (HO)
)
(/usr/share/texlive/texmf-dist/tex/latex/letltxmacro/letltxmacro.sty
Package: letltxmacro 2019/12/03 v1.6 Let assignment for LaTeX macros (HO)
)
(/usr/share/texlive/texmf-dist/tex/latex/auxhook/auxhook.sty
Package: auxhook 2019-12-17 v1.6 Hooks for auxiliary files (HO)
)
(/usr/share/texlive/texmf-dist/tex/latex/kvoptions/kvoptions.sty
Package: kvoptions 2020-10-07 v3.14 Key value format for package options (HO)
)
\@linkdim=\dimen257
\Hy@linkcounter=\count294
\Hy@pagecounter=\count295

(/usr/share/texlive/texmf-dist/tex/latex/hyperref/pd1enc.def
File: pd1enc.def 2021-06-07 v7.00m Hyperref: PDFDocEncoding definition (HO)
Now handling font encoding PD1 ...
... no UTF-8 mapping file for font encoding PD1
)
(/usr/share/texlive/texmf-dist/tex/latex/hyperref/hyperref-langpatches.def
File: hyperref-langpatches.def 2021-06-07 v7.00m Hyperref: patches for babel la
nguages
)
(/usr/share/texlive/texmf-dist/tex/generic/intcalc/intcalc.sty
Package: intcalc 2019/12/15 v1.3 Expandable calculations with integers (HO)
)
(/usr/share/texlive/texmf-dist/tex/generic/etexcmds/etexcmds.sty
Package: etexcmds 2019/12/15 v1.7 Avoid name clashes with e-TeX commands (HO)
)
\Hy@SavedSpaceFactor=\count296

(/usr/share/texlive/texmf-dist/tex/latex/hyperref/puenc.def
File: puenc.def 2021-06-07 v7.00m Hyperref: PDF Unicode definition (HO)
Now handling font encoding PU ...
... no UTF-8 mapping file for font encoding PU
)
Package hyperref Info: Option `bookmarks' set `true' on input line 4073.
Package hyperref Info: Option `bookmarksopen' set `true' on input line 4073.
Package hyperref Info: Option `implicit' set `false' on input line 4073.
Package hyperref Info: Hyper figures OFF on input line 4192.
Package hyperref Info: Link nesting OFF on input line 4197.
Package hyperref Info: Hyper index ON on input line 4200.
Package hyperref Info: Plain pages OFF on input line 4207.
Package hyperref Info: Backreferencing OFF on input line 4212.
Package hyperref Info: Implicit mode OFF; no redefinition of LaTeX internals.
Package hyperref Info: Bookmarks ON on input line 4445.
\c@Hy@tempcnt=\count297

(/usr/share/texlive/texmf-dist/tex/latex/url/url.sty
\Urlmuskip=\muskip16
Package: url 2013/09/16  ver 3.4  Verb mode for urls, etc.
)
LaTeX Info: Redefining \url on input line 4804.
\XeTeXLinkMargin=\dimen258

(/usr/share/texlive/texmf-dist/tex/generic/bitset/bitset.sty
Package: bitset 2019/12/09 v1.3 Handle bit-vector datatype (HO)

(/usr/share/texlive/texmf-dist/tex/generic/bigintcalc/bigintcalc.sty
Package: bigintcalc 2019/12/15 v1.5 Expandable calculations on big integers (HO
)
))
\Fld@menulength=\count298
\Field@Width=\dimen259
\Fld@charsize=\dimen260
Package hyperref Info: Hyper figures OFF on input line 6076.
Package hyperref Info: Link nesting OFF on input line 6081.
Package hyperref Info: Hyper index ON on input line 6084.
Package hyperref Info: backreferencing OFF on input line 6091.
Package hyperref Info: Link coloring OFF on input line 6096.
Package hyperref Info: Link coloring with OCG OFF on input line 6101.
Package hyperref Info: PDF/A mode OFF on input line 6106.
LaTeX Info: Redefining \ref on input line 6146.
LaTeX Info: Redefining \pageref on input line 6150.
\Hy@abspage=\count299


Package hyperref Message: Stopped early.

)
Package hyperref Info: Driver (autodetected): hpdftex.
 (/usr/share/texlive/texmf-dist/tex/latex/hyperref/hpdftex.def
File: hpdftex.def 2021-06-07 v7.00m Hyperref driver for pdfTeX

(/usr/share/texlive/texmf-dist/tex/latex/base/atveryend-ltx.sty
Package: atveryend-ltx 2020/08/19 v1.0a Emulation of the original atveryend pac
kage
with kernel methods
)
\Fld@listcount=\count300
\c@bookmark@seq@number=\count301

(/usr/share/texlive/texmf-dist/tex/latex/rerunfilecheck/rerunfilecheck.sty
Package: rerunfilecheck 2019/12/05 v1.9 Rerun checks for auxiliary files (HO)

(/usr/share/texlive/texmf-dist/tex/generic/uniquecounter/uniquecounter.sty
Package: uniquecounter 2019/12/15 v1.4 Provide unlimited unique counter (HO)
)
Package uniquecounter Info: New unique counter `rerunfilecheck' on input line 2
86.
))
(/usr/share/texlive/texmf-dist/tex/latex/beamer/beamerbaserequires.sty
(/usr/share/texlive/texmf-dist/tex/latex/beamer/beamerbasecompatibility.sty)
(/usr/share/texlive/texmf-dist/tex/latex/beamer/beamerbasefont.sty
(/usr/share/texlive/texmf-dist/tex/latex/amsfonts/amssymb.sty
Package: amssymb 2013/01/14 v3.01 AMS font symbols

(/usr/share/texlive/texmf-dist/tex/latex/amsfonts/amsfonts.sty
Package: amsfonts 2013/01/14 v3.01 Basic AMSFonts support
\@emptytoks=\toks28
\symAMSa=\mathgroup4
\symAMSb=\mathgroup5
LaTeX Font Info:    Redeclaring math symbol \hbar on input line 98.
LaTeX Font Info:    Overwriting math alphabet `\mathfrak' in version `bold'
(Font)                  U/euf/m/n --> U/euf/b/n on input line 106.
)))
(/usr/share/texlive/texmf-dist/tex/latex/beamer/beamerbasetranslator.sty
(/usr/share/texlive/texmf-dist/tex/latex/translator/translator.sty
Package: translator 2021-05-31 v1.12d Easy translation of strings in LaTeX
))
(/usr/share/texlive/texmf-dist/tex/latex/beamer/beamerbasemisc.sty)
(/usr/share/texlive/texmf-dist/tex/latex/beamer/beamerbasetwoscreens.sty)
(/usr/share/texlive/texmf-dist/tex/latex/beamer/beamerbaseoverlay.sty
\beamer@argscount=\count302
\beamer@lastskipcover=\skip50
\beamer@trivlistdepth=\count303
)
(/usr/share/texlive/texmf-dist/tex/latex/beamer/beamerbasetitle.sty)
(/usr/share/texlive/texmf-dist/tex/latex/beamer/beamerbasesection.sty
\c@lecture=\count304
\c@part=\count305
\c@section=\count306
\c@subsection=\count307
\c@subsubsection=\count308
)
(/usr/share/texlive/texmf-dist/tex/latex/beamer/beamerbaseframe.sty
\beamer@framebox=\box65
\beamer@frametitlebox=\box66
\beamer@zoombox=\box67
\beamer@zoomcount=\count309
\beamer@zoomframecount=\count310
\beamer@frametextheight=\dimen261
\c@subsectionslide=\count311
\beamer@frametopskip=\skip51
\beamer@framebottomskip=\skip52
\beamer@frametopskipautobreak=\skip53
\beamer@framebottomskipautobreak=\skip54
\beamer@envbody=\toks29
\framewidth=\dimen262
\c@framenumber=\count312
)
(/usr/share/texlive/texmf-dist/tex/latex/beamer/beamerbaseverbatim.sty
\beamer@verbatimfileout=\write4
)
(/usr/share/texlive/texmf-dist/tex/latex/beamer/beamerbaseframesize.sty
\beamer@splitbox=\box68
\beamer@autobreakcount=\count313
\beamer@autobreaklastheight=\dimen263
\beamer@frametitletoks=\toks30
\beamer@framesubtitletoks=\toks31
)
(/usr/share/texlive/texmf-dist/tex/latex/beamer/beamerbaseframecomponents.sty
\beamer@footins=\box69
)
(/usr/share/texlive/texmf-dist/tex/latex/beamer/beamerbasecolor.sty)
(/usr/share/texlive/texmf-dist/tex/latex/beamer/beamerbasenotes.sty
\beamer@frameboxcopy=\box70
)
(/usr/share/texlive/texmf-dist/tex/latex/beamer/beamerbasetoc.sty)
(/usr/share/texlive/texmf-dist/tex/latex/beamer/beamerbasetemplates.sty
\beamer@sbttoks=\toks32

(/usr/share/texlive/texmf-dist/tex/latex/beamer/beamerbaseauxtemplates.sty
(/usr/share/texlive/texmf-dist/tex/latex/beamer/beamerbaseboxes.sty
\bmb@box=\box71
\bmb@colorbox=\box72
\bmb@boxwidth=\dimen264
\bmb@boxheight=\dimen265
\bmb@prevheight=\dimen266
\bmb@temp=\dimen267
\bmb@dima=\dimen268
\bmb@dimb=\dimen269
\bmb@prevheight=\dimen270
)
\beamer@blockheadheight=\dimen271
))
(/usr/share/texlive/texmf-dist/tex/latex/beamer/beamerbaselocalstructure.sty
(/usr/share/texlive/texmf-dist/tex/latex/tools/enumerate.sty
Package: enumerate 2015/07/23 v3.00 enumerate extensions (DPC)
\@enLab=\toks33
)
\beamer@bibiconwidth=\skip55
\c@figure=\count314
\c@table=\count315
\abovecaptionskip=\skip56
\belowcaptionskip=\skip57
)
(/usr/share/texlive/texmf-dist/tex/latex/beamer/beamerbasenavigation.sty
\beamer@section@min@dim=\dimen272
)
(/usr/share/texlive/texmf-dist/tex/latex/beamer/beamerbasetheorems.sty
(/usr/share/texlive/texmf-dist/tex/latex/amsmath/amsmath.sty
Package: amsmath 2021/10/15 v2.17l AMS math features
\@mathmargin=\skip58

For additional information on amsmath, use the `?' option.
(/usr/share/texlive/texmf-dist/tex/latex/amsmath/amstext.sty
Package: amstext 2021/08/26 v2.01 AMS text

(/usr/share/texlive/texmf-dist/tex/latex/amsmath/amsgen.sty
File: amsgen.sty 1999/11/30 v2.0 generic functions
\@emptytoks=\toks34
\ex@=\dimen273
))
(/usr/share/texlive/texmf-dist/tex/latex/amsmath/amsbsy.sty
Package: amsbsy 1999/11/29 v1.2d Bold Symbols
\pmbraise@=\dimen274
)
(/usr/share/texlive/texmf-dist/tex/latex/amsmath/amsopn.sty
Package: amsopn 2021/08/26 v2.02 operator names
)
\inf@bad=\count316
LaTeX Info: Redefining \frac on input line 234.
\uproot@=\count317
\leftroot@=\count318
LaTeX Info: Redefining \overline on input line 399.
\classnum@=\count319
\DOTSCASE@=\count320
LaTeX Info: Redefining \ldots on input line 496.
LaTeX Info: Redefining \dots on input line 499.
LaTeX Info: Redefining \cdots on input line 620.
\Mathstrutbox@=\box73
\strutbox@=\box74
\big@size=\dimen275
LaTeX Font Info:    Redeclaring font encoding OML on input line 743.
LaTeX Font Info:    Redeclaring font encoding OMS on input line 744.
\macc@depth=\count321
\c@MaxMatrixCols=\count322
\dotsspace@=\muskip17
\c@parentequation=\count323
\dspbrk@lvl=\count324
\tag@help=\toks35
\row@=\count325
\column@=\count326
\maxfields@=\count327
\andhelp@=\toks36
\eqnshift@=\dimen276
\alignsep@=\dimen277
\tagshift@=\dimen278
\tagwidth@=\dimen279
\totwidth@=\dimen280
\lineht@=\dimen281
\@envbody=\toks37
\multlinegap=\skip59
\multlinetaggap=\skip60
\mathdisplay@stack=\toks38
LaTeX Info: Redefining \[ on input line 2938.
LaTeX Info: Redefining \] on input line 2939.
)
(/usr/share/texlive/texmf-dist/tex/latex/amscls/amsthm.sty
Package: amsthm 2020/05/29 v2.20.6
\thm@style=\toks39
\thm@bodyfont=\toks40
\thm@headfont=\toks41
\thm@notefont=\toks42
\thm@headpunct=\toks43
\thm@preskip=\skip61
\thm@postskip=\skip62
\thm@headsep=\skip63
\dth@everypar=\toks44
)
\c@theorem=\count328
)
(/usr/share/texlive/texmf-dist/tex/latex/beamer/beamerbasethemes.sty))
(/usr/share/texlive/texmf-dist/tex/latex/beamer/beamerthemedefault.sty
(/usr/share/texlive/texmf-dist/tex/latex/beamer/beamerfontthemedefault.sty)
(/usr/share/texlive/texmf-dist/tex/latex/beamer/beamercolorthemedefault.sty)
(/usr/share/texlive/texmf-dist/tex/latex/beamer/beamerinnerthemedefault.sty
\beamer@dima=\dimen282
\beamer@dimb=\dimen283
)
(/usr/share/texlive/texmf-dist/tex/latex/beamer/beamerouterthemedefault.sty)))
(/usr/share/texlive/texmf-dist/tex/latex/base/inputenc.sty
Package: inputenc 2021/02/14 v1.3d Input encoding file
\inpenc@prehook=\toks45
\inpenc@posthook=\toks46
)
(/usr/share/texlive/texmf-dist/tex/latex/base/fontenc.sty
Package: fontenc 2021/04/29 v2.0v Standard LaTeX package
)
(/usr/share/texmf/tex/latex/lm/lmodern.sty
Package: lmodern 2009/10/30 v1.6 Latin Modern Fonts
LaTeX Font Info:    Overwriting symbol font `operators' in version `normal'
(Font)                  OT1/cmr/m/n --> OT1/lmr/m/n on input line 22.
LaTeX Font Info:    Overwriting symbol font `letters' in version `normal'
(Font)                  OML/cmm/m/it --> OML/lmm/m/it on input line 23.
LaTeX Font Info:    Overwriting symbol font `symbols' in version `normal'
(Font)                  OMS/cmsy/m/n --> OMS/lmsy/m/n on input line 24.
LaTeX Font Info:    Overwriting symbol font `largesymbols' in version `normal'
(Font)                  OMX/cmex/m/n --> OMX/lmex/m/n on input line 25.
LaTeX Font Info:    Overwriting symbol font `operators' in version `bold'
(Font)                  OT1/cmr/bx/n --> OT1/lmr/bx/n on input line 26.
LaTeX Font Info:    Overwriting symbol font `letters' in version `bold'
(Font)                  OML/cmm/b/it --> OML/lmm/b/it on input line 27.
LaTeX Font Info:    Overwriting symbol font `symbols' in version `bold'
(Font)                  OMS/cmsy/b/n --> OMS/lmsy/b/n on input line 28.
LaTeX Font Info:    Overwriting symbol font `largesymbols' in version `bold'
(Font)                  OMX/cmex/m/n --> OMX/lmex/m/n on input line 29.
LaTeX Font Info:    Overwriting math alphabet `\mathbf' in version `normal'
(Font)                  OT1/cmr/bx/n --> OT1/lmr/bx/n on input line 31.
LaTeX Font Info:    Overwriting math alphabet `\mathsf' in version `normal'
(Font)                  OT1/cmss/m/n --> OT1/lmss/m/n on input line 32.
LaTeX Font Info:    Overwriting math alphabet `\mathit' in version `normal'
(Font)                  OT1/cmr/m/it --> OT1/lmr/m/it on input line 33.
LaTeX Font Info:    Overwriting math alphabet `\mathtt' in version `normal'
(Font)                  OT1/cmtt/m/n --> OT1/lmtt/m/n on input line 34.
LaTeX Font Info:    Overwriting math alphabet `\mathbf' in version `bold'
(Font)                  OT1/cmr/bx/n --> OT1/lmr/bx/n on input line 35.
LaTeX Font Info:    Overwriting math alphabet `\mathsf' in version `bold'
(Font)                  OT1/cmss/bx/n --> OT1/lmss/bx/n on input line 36.
LaTeX Font Info:    Overwriting math alphabet `\mathit' in version `bold'
(Font)                  OT1/cmr/bx/it --> OT1/lmr/bx/it on input line 37.
LaTeX Font Info:    Overwriting math alphabet `\mathtt' in version `bold'
(Font)                  OT1/cmtt/m/n --> OT1/lmtt/m/n on input line 38.
)
(/usr/share/texlive/texmf-dist/tex/latex/beamer/beamercolorthemebeaver.sty)
(/usr/share/texlive/texmf-dist/tex/latex/beamer/beamerfontthemeserif.sty)
(/usr/share/texlive/texmf-dist/tex/latex/base/makeidx.sty
Package: makeidx 2021/10/04 v1.0m Standard LaTeX package
)
(/usr/share/texlive/texmf-dist/tex/latex/float/float.sty
Package: float 2001/11/08 v1.3d Float enhancements (AL)
\c@float@type=\count329
\float@exts=\toks47
\float@box=\box75
\@float@everytoks=\toks48
\@floatcapt=\box76
)
(/usr/share/texlive/texmf-dist/tex/latex/tools/indentfirst.sty
Package: indentfirst 1995/11/23 v1.03 Indent first paragraph (DPC)
)
(/usr/share/texlive/texmf-dist/tex/latex/pgf/frontendlayer/tikz.sty
(/usr/share/texlive/texmf-dist/tex/latex/pgf/basiclayer/pgf.sty
Package: pgf 2021/05/15 v3.1.9a (3.1.9a)

(/usr/share/texlive/texmf-dist/tex/generic/pgf/modules/pgfmoduleshapes.code.tex
File: pgfmoduleshapes.code.tex 2021/05/15 v3.1.9a (3.1.9a)
\pgfnodeparttextbox=\box77
) (/usr/share/texlive/texmf-dist/tex/generic/pgf/modules/pgfmoduleplot.code.tex
File: pgfmoduleplot.code.tex 2021/05/15 v3.1.9a (3.1.9a)
)
(/usr/share/texlive/texmf-dist/tex/latex/pgf/compatibility/pgfcomp-version-0-65
.sty
Package: pgfcomp-version-0-65 2021/05/15 v3.1.9a (3.1.9a)
\pgf@nodesepstart=\dimen284
\pgf@nodesepend=\dimen285
)
(/usr/share/texlive/texmf-dist/tex/latex/pgf/compatibility/pgfcomp-version-1-18
.sty
Package: pgfcomp-version-1-18 2021/05/15 v3.1.9a (3.1.9a)
)) (/usr/share/texlive/texmf-dist/tex/latex/pgf/utilities/pgffor.sty
(/usr/share/texlive/texmf-dist/tex/latex/pgf/utilities/pgfkeys.sty
(/usr/share/texlive/texmf-dist/tex/generic/pgf/utilities/pgfkeys.code.tex))
(/usr/share/texlive/texmf-dist/tex/latex/pgf/math/pgfmath.sty
(/usr/share/texlive/texmf-dist/tex/generic/pgf/math/pgfmath.code.tex))
(/usr/share/texlive/texmf-dist/tex/generic/pgf/utilities/pgffor.code.tex
Package: pgffor 2021/05/15 v3.1.9a (3.1.9a)

(/usr/share/texlive/texmf-dist/tex/generic/pgf/math/pgfmath.code.tex)
\pgffor@iter=\dimen286
\pgffor@skip=\dimen287
\pgffor@stack=\toks49
\pgffor@toks=\toks50
))
(/usr/share/texlive/texmf-dist/tex/generic/pgf/frontendlayer/tikz/tikz.code.tex
Package: tikz 2021/05/15 v3.1.9a (3.1.9a)

(/usr/share/texlive/texmf-dist/tex/generic/pgf/libraries/pgflibraryplothandlers
.code.tex
File: pgflibraryplothandlers.code.tex 2021/05/15 v3.1.9a (3.1.9a)
\pgf@plot@mark@count=\count330
\pgfplotmarksize=\dimen288
)
\tikz@lastx=\dimen289
\tikz@lasty=\dimen290
\tikz@lastxsaved=\dimen291
\tikz@lastysaved=\dimen292
\tikz@lastmovetox=\dimen293
\tikz@lastmovetoy=\dimen294
\tikzleveldistance=\dimen295
\tikzsiblingdistance=\dimen296
\tikz@figbox=\box78
\tikz@figbox@bg=\box79
\tikz@tempbox=\box80
\tikz@tempbox@bg=\box81
\tikztreelevel=\count331
\tikznumberofchildren=\count332
\tikznumberofcurrentchild=\count333
\tikz@fig@count=\count334

(/usr/share/texlive/texmf-dist/tex/generic/pgf/modules/pgfmodulematrix.code.tex
File: pgfmodulematrix.code.tex 2021/05/15 v3.1.9a (3.1.9a)
\pgfmatrixcurrentrow=\count335
\pgfmatrixcurrentcolumn=\count336
\pgf@matrix@numberofcolumns=\count337
)
\tikz@expandcount=\count338

(/usr/share/texlive/texmf-dist/tex/generic/pgf/frontendlayer/tikz/libraries/tik
zlibrarytopaths.code.tex
File: tikzlibrarytopaths.code.tex 2021/05/15 v3.1.9a (3.1.9a)
)))
(/usr/share/texlive/texmf-dist/tex/latex/fancyref/fancyref.sty
Package: fancyref 1999/02/03 v0.9c Fancy cross-referencing

(/usr/share/texlive/texmf-dist/tex/latex/tools/varioref.sty
Package: varioref 2021/07/07 v1.6f package for extended references (FMi)
\c@vrcnt=\count339
))
(/usr/share/texlive/texmf-dist/tex/latex/pgfplots/pgfplots.sty
(/usr/share/texlive/texmf-dist/tex/generic/pgfplots/pgfplots.revision.tex)
Package: pgfplots 2021/05/15 v1.18.1 Data Visualization (1.18.1)

(/usr/share/texlive/texmf-dist/tex/generic/pgfplots/pgfplots.code.tex
(/usr/share/texlive/texmf-dist/tex/generic/pgfplots/pgfplotscore.code.tex
\t@pgfplots@toka=\toks51
\t@pgfplots@tokb=\toks52
\t@pgfplots@tokc=\toks53
\pgfplots@tmpa=\dimen297
\c@pgfplots@coordindex=\count340
\c@pgfplots@scanlineindex=\count341

(/usr/share/texlive/texmf-dist/tex/generic/pgfplots/sys/pgfplotssysgeneric.code
.tex))
(/usr/share/texlive/texmf-dist/tex/generic/pgfplots/libs/pgfplotslibrary.code.t
ex)
(/usr/share/texlive/texmf-dist/tex/generic/pgfplots/oldpgfcompatib/pgfplotsoldp
gfsupp_loader.code.tex
(/usr/share/texlive/texmf-dist/tex/generic/pgf/libraries/pgflibraryfpu.code.tex
))
(/usr/share/texlive/texmf-dist/tex/generic/pgfplots/util/pgfplotsutil.code.tex
(/usr/share/texlive/texmf-dist/tex/generic/pgfplots/liststructure/pgfplotslists
tructure.code.tex)
(/usr/share/texlive/texmf-dist/tex/generic/pgfplots/liststructure/pgfplotslists
tructureext.code.tex)
(/usr/share/texlive/texmf-dist/tex/generic/pgfplots/liststructure/pgfplotsarray
.code.tex
\c@pgfplotsarray@tmp=\count342
)
(/usr/share/texlive/texmf-dist/tex/generic/pgfplots/liststructure/pgfplotsmatri
x.code.tex)
(/usr/share/texlive/texmf-dist/tex/generic/pgfplots/numtable/pgfplotstableshare
d.code.tex
\c@pgfplotstable@counta=\count343
\t@pgfplotstable@a=\toks54
)
(/usr/share/texlive/texmf-dist/tex/generic/pgfplots/liststructure/pgfplotsdeque
.code.tex)
(/usr/share/texlive/texmf-dist/tex/generic/pgfplots/util/pgfplotsbinary.code.te
x
(/usr/share/texlive/texmf-dist/tex/generic/pgfplots/util/pgfplotsbinary.data.co
de.tex))
(/usr/share/texlive/texmf-dist/tex/generic/pgfplots/util/pgfplotsutil.verb.code
.tex)
(/usr/share/texlive/texmf-dist/tex/generic/pgfplots/libs/pgflibrarypgfplots.sur
fshading.code.tex
\c@pgfplotslibrarysurf@no=\count344

(/usr/share/texlive/texmf-dist/tex/generic/pgfplots/sys/pgflibrarypgfplots.surf
shading.pgfsys-pdftex.def)))
(/usr/share/texlive/texmf-dist/tex/generic/pgfplots/util/pgfplotscolormap.code.
tex
(/usr/share/texlive/texmf-dist/tex/generic/pgfplots/util/pgfplotscolor.code.tex
))
(/usr/share/texlive/texmf-dist/tex/generic/pgfplots/pgfplotsstackedplots.code.t
ex)
(/usr/share/texlive/texmf-dist/tex/generic/pgfplots/pgfplotsplothandlers.code.t
ex
(/usr/share/texlive/texmf-dist/tex/generic/pgfplots/pgfplotsmeshplothandler.cod
e.tex
(/usr/share/texlive/texmf-dist/tex/generic/pgfplots/pgfplotsmeshplotimage.code.
tex)))
(/usr/share/texlive/texmf-dist/tex/generic/pgfplots/pgfplots.scaling.code.tex)
(/usr/share/texlive/texmf-dist/tex/generic/pgfplots/pgfplotscoordprocessing.cod
e.tex)
(/usr/share/texlive/texmf-dist/tex/generic/pgfplots/pgfplots.errorbars.code.tex
) (/usr/share/texlive/texmf-dist/tex/generic/pgfplots/pgfplots.markers.code.tex
) (/usr/share/texlive/texmf-dist/tex/generic/pgfplots/pgfplotsticks.code.tex)
(/usr/share/texlive/texmf-dist/tex/generic/pgfplots/pgfplots.paths.code.tex)
(/usr/share/texlive/texmf-dist/tex/generic/pgf/frontendlayer/tikz/libraries/tik
zlibrarydecorations.code.tex
(/usr/share/texlive/texmf-dist/tex/generic/pgf/modules/pgfmoduledecorations.cod
e.tex
\pgfdecoratedcompleteddistance=\dimen298
\pgfdecoratedremainingdistance=\dimen299
\pgfdecoratedinputsegmentcompleteddistance=\dimen300
\pgfdecoratedinputsegmentremainingdistance=\dimen301
\pgf@decorate@distancetomove=\dimen302
\pgf@decorate@repeatstate=\count345
\pgfdecorationsegmentamplitude=\dimen303
\pgfdecorationsegmentlength=\dimen304
)
\tikz@lib@dec@box=\box82
)
(/usr/share/texlive/texmf-dist/tex/generic/pgf/frontendlayer/tikz/libraries/tik
zlibrarydecorations.pathmorphing.code.tex
(/usr/share/texlive/texmf-dist/tex/generic/pgf/libraries/decorations/pgflibrary
decorations.pathmorphing.code.tex))
(/usr/share/texlive/texmf-dist/tex/generic/pgf/frontendlayer/tikz/libraries/tik
zlibrarydecorations.pathreplacing.code.tex
(/usr/share/texlive/texmf-dist/tex/generic/pgf/libraries/decorations/pgflibrary
decorations.pathreplacing.code.tex))
(/usr/share/texlive/texmf-dist/tex/generic/pgfplots/libs/tikzlibrarypgfplots.co
ntourlua.code.tex)
\pgfplots@numplots=\count346
\pgfplots@xmin@reg=\dimen305
\pgfplots@xmax@reg=\dimen306
\pgfplots@ymin@reg=\dimen307
\pgfplots@ymax@reg=\dimen308
\pgfplots@zmin@reg=\dimen309
\pgfplots@zmax@reg=\dimen310
)
(/usr/share/texlive/texmf-dist/tex/generic/pgf/frontendlayer/tikz/libraries/tik
zlibraryplotmarks.code.tex
File: tikzlibraryplotmarks.code.tex 2021/05/15 v3.1.9a (3.1.9a)

(/usr/share/texlive/texmf-dist/tex/generic/pgf/libraries/pgflibraryplotmarks.co
de.tex
File: pgflibraryplotmarks.code.tex 2021/05/15 v3.1.9a (3.1.9a)
))) (/usr/share/texlive/texmf-dist/tex/latex/tools/verbatim.sty
Package: verbatim 2020-07-07 v1.5u LaTeX2e package for verbatim enhancements
\every@verbatim=\toks55
\verbatim@line=\toks56
\verbatim@in@stream=\read3
)
(/usr/share/texlive/texmf-dist/tex/latex/fancyvrb/fancyvrb.sty
Package: fancyvrb 2021/12/21 4.1b verbatim text (tvz,hv)
\FV@CodeLineNo=\count347
\FV@InFile=\read4
\FV@TabBox=\box83
\c@FancyVerbLine=\count348
\FV@StepNumber=\count349
\FV@OutFile=\write5
)
(/usr/share/texlive/texmf-dist/tex/latex/caption/caption.sty
Package: caption 2020/10/26 v3.5g Customizing captions (AR)

(/usr/share/texlive/texmf-dist/tex/latex/caption/caption3.sty
Package: caption3 2020/10/21 v2.2e caption3 kernel (AR)
\captionmargin=\dimen311
\captionmargin@=\dimen312
\captionwidth=\dimen313
\caption@tempdima=\dimen314
\caption@indent=\dimen315
\caption@parindent=\dimen316
\caption@hangindent=\dimen317
Package caption Info: beamer document class detected.

(/usr/share/texlive/texmf-dist/tex/latex/caption/caption-beamer.sto
File: caption-beamer.sto 2020/08/22 v2.0 Adaption of the caption package to the
 beamer document classes (AR)
))
\c@caption@flags=\count350
\c@continuedfloat=\count351
Package caption Info: float package is loaded.
Package caption Info: hyperref package is loaded.
Package caption Info: Hyperref support is turned off
(caption)             because hyperref has stopped early.
)
(/usr/share/texlive/texmf-dist/tex/latex/caption/subcaption.sty
Package: subcaption 2020/10/07 v1.3j Sub-captions (AR)
\c@subfigure=\count352
\c@subtable=\count353
)
(/usr/share/texlive/texmf-dist/tex/latex/physics/physics.sty
Package: physics 

(/usr/share/texlive/texmf-dist/tex/latex/l3packages/xparse/xparse.sty
(/usr/share/texlive/texmf-dist/tex/latex/l3kernel/expl3.sty
Package: expl3 2022-01-21 L3 programming layer (loader) 

(/usr/share/texlive/texmf-dist/tex/latex/l3backend/l3backend-pdftex.def
File: l3backend-pdftex.def 2022-01-12 L3 backend support: PDF output (pdfTeX)
\l__color_backend_stack_int=\count354
\l__pdf_internal_box=\box84
))
Package: xparse 2022-01-12 L3 Experimental document command parser
))
(/usr/share/texlive/texmf-dist/tex/latex/tools/longtable.sty
Package: longtable 2021-09-01 v4.17 Multi-page Table package (DPC)
\LTleft=\skip64
\LTright=\skip65
\LTpre=\skip66
\LTpost=\skip67
\LTchunksize=\count355
\LTcapwidth=\dimen318
\LT@head=\box85
\LT@firsthead=\box86
\LT@foot=\box87
\LT@lastfoot=\box88
\LT@gbox=\box89
\LT@cols=\count356
\LT@rows=\count357
\c@LT@tables=\count358
\c@LT@chunks=\count359
\LT@p@ftn=\toks57
)
(/usr/share/texlive/texmf-dist/tex/latex/jknapltx/mathrsfs.sty
Package: mathrsfs 1996/01/01 Math RSFS package v1.0 (jk)
\symrsfs=\mathgroup6
)
(/usr/share/texlive/texmf-dist/tex/latex/mathtools/mathtools.sty
Package: mathtools 2021/02/02 v1.28 mathematical typesetting tools

(/usr/share/texlive/texmf-dist/tex/latex/tools/calc.sty
Package: calc 2017/05/25 v4.3 Infix arithmetic (KKT,FJ)
\calc@Acount=\count360
\calc@Bcount=\count361
\calc@Adimen=\dimen319
\calc@Bdimen=\dimen320
\calc@Askip=\skip68
\calc@Bskip=\skip69
LaTeX Info: Redefining \setlength on input line 80.
LaTeX Info: Redefining \addtolength on input line 81.
\calc@Ccount=\count362
\calc@Cskip=\skip70
)
(/usr/share/texlive/texmf-dist/tex/latex/mathtools/mhsetup.sty
Package: mhsetup 2021/03/18 v1.4 programming setup (MH)
)
\g_MT_multlinerow_int=\count363
\l_MT_multwidth_dim=\dimen321
\origjot=\skip71
\l_MT_shortvdotswithinadjustabove_dim=\dimen322
\l_MT_shortvdotswithinadjustbelow_dim=\dimen323
\l_MT_above_intertext_sep=\dimen324
\l_MT_below_intertext_sep=\dimen325
\l_MT_above_shortintertext_sep=\dimen326
\l_MT_below_shortintertext_sep=\dimen327
\xmathstrut@box=\box90
\xmathstrut@dim=\dimen328
)
(/usr/share/texlive/texmf-dist/tex/latex/base/ifthen.sty
Package: ifthen 2020/11/24 v1.1c Standard LaTeX ifthen package (DPC)
)
(/usr/share/texlive/texmf-dist/tex/latex/lipsum/lipsum.sty
(/usr/share/texlive/texmf-dist/tex/latex/l3packages/l3keys2e/l3keys2e.sty
Package: l3keys2e 2022-01-12 LaTeX2e option processing using LaTeX3 keys
)
Package: lipsum 2021-09-20 v2.7 150 paragraphs of Lorem Ipsum dummy text
\g__lipsum_par_int=\count364
\l__lipsum_a_int=\count365
\l__lipsum_b_int=\count366

(/usr/share/texlive/texmf-dist/tex/latex/lipsum/lipsum.ltd.tex))
LaTeX Font Info:    Trying to load font information for T1+lmr on input line 24
.

(/usr/share/texmf/tex/latex/lm/t1lmr.fd
File: t1lmr.fd 2009/10/30 v1.6 Font defs for Latin Modern
) (./beamer.aux)
\openout1 = `beamer.aux'.

LaTeX Font Info:    Checking defaults for OML/cmm/m/it on input line 24.
LaTeX Font Info:    ... okay on input line 24.
LaTeX Font Info:    Checking defaults for OMS/cmsy/m/n on input line 24.
LaTeX Font Info:    ... okay on input line 24.
LaTeX Font Info:    Checking defaults for OT1/cmr/m/n on input line 24.
LaTeX Font Info:    ... okay on input line 24.
LaTeX Font Info:    Checking defaults for T1/cmr/m/n on input line 24.
LaTeX Font Info:    ... okay on input line 24.
LaTeX Font Info:    Checking defaults for TS1/cmr/m/n on input line 24.
LaTeX Font Info:    ... okay on input line 24.
LaTeX Font Info:    Checking defaults for OMX/cmex/m/n on input line 24.
LaTeX Font Info:    ... okay on input line 24.
LaTeX Font Info:    Checking defaults for U/cmr/m/n on input line 24.
LaTeX Font Info:    ... okay on input line 24.
LaTeX Font Info:    Checking defaults for PD1/pdf/m/n on input line 24.
LaTeX Font Info:    ... okay on input line 24.
LaTeX Font Info:    Checking defaults for PU/pdf/m/n on input line 24.
LaTeX Font Info:    ... okay on input line 24.

*geometry* driver: auto-detecting
*geometry* detected driver: pdftex
*geometry* verbose mode - [ preamble ] result:
* driver: pdftex
* paper: custom
* layout: <same size as paper>
* layoutoffset:(h,v)=(0.0pt,0.0pt)
* modes: includehead includefoot 
* h-part:(L,W,R)=(28.45274pt, 307.28987pt, 28.45274pt)
* v-part:(T,H,B)=(0.0pt, 273.14662pt, 0.0pt)
* \paperwidth=364.19536pt
* \paperheight=273.14662pt
* \textwidth=307.28987pt
* \textheight=244.6939pt
* \oddsidemargin=-43.81725pt
* \evensidemargin=-43.81725pt
* \topmargin=-72.26999pt
* \headheight=14.22636pt
* \headsep=0.0pt
* \topskip=12.0pt
* \footskip=14.22636pt
* \marginparwidth=4.0pt
* \marginparsep=10.0pt
* \columnsep=10.0pt
* \skip\footins=10.8pt plus 4.0pt minus 2.0pt
* \hoffset=0.0pt
* \voffset=0.0pt
* \mag=1000
* \@twocolumnfalse
* \@twosidefalse
* \@mparswitchfalse
* \@reversemarginfalse
* (1in=72.27pt=25.4mm, 1cm=28.453pt)

(/usr/share/texlive/texmf-dist/tex/context/base/mkii/supp-pdf.mkii
[Loading MPS to PDF converter (version 2006.09.02).]
\scratchcounter=\count367
\scratchdimen=\dimen329
\scratchbox=\box91
\nofMPsegments=\count368
\nofMParguments=\count369
\everyMPshowfont=\toks58
\MPscratchCnt=\count370
\MPscratchDim=\dimen330
\MPnumerator=\count371
\makeMPintoPDFobject=\count372
\everyMPtoPDFconversion=\toks59
) (/usr/share/texlive/texmf-dist/tex/latex/epstopdf-pkg/epstopdf-base.sty
Package: epstopdf-base 2020-01-24 v2.11 Base part for package epstopdf
Package epstopdf-base Info: Redefining graphics rule for `.eps' on input line 4
85.

(/usr/share/texlive/texmf-dist/tex/latex/latexconfig/epstopdf-sys.cfg
File: epstopdf-sys.cfg 2010/07/13 v1.3 Configuration of (r)epstopdf for TeX Liv
e
))
Package hyperref Info: Link coloring OFF on input line 24.

(/usr/share/texlive/texmf-dist/tex/latex/hyperref/nameref.sty
Package: nameref 2021-04-02 v2.47 Cross-referencing by name of section

(/usr/share/texlive/texmf-dist/tex/latex/refcount/refcount.sty
Package: refcount 2019/12/15 v3.6 Data extraction from label references (HO)
)
(/usr/share/texlive/texmf-dist/tex/generic/gettitlestring/gettitlestring.sty
Package: gettitlestring 2019/12/15 v1.6 Cleanup title references (HO)
)
\c@section@level=\count373
LaTeX Info: Redefining \Ref on input line 520.
)
LaTeX Info: Redefining \ref on input line 24.
LaTeX Info: Redefining \pageref on input line 24.
LaTeX Info: Redefining \nameref on input line 24.

(./beamer.out) (./beamer.out)
\@outlinefile=\write6
\openout6 = `beamer.out'.


(/usr/share/texlive/texmf-dist/tex/latex/translator/translator-basic-dictionary
-English.dict
Dictionary: translator-basic-dictionary, Language: English 
)
(/usr/share/texlive/texmf-dist/tex/latex/translator/translator-bibliography-dic
tionary-English.dict
Dictionary: translator-bibliography-dictionary, Language: English 
)
(/usr/share/texlive/texmf-dist/tex/latex/translator/translator-environment-dict
ionary-English.dict
Dictionary: translator-environment-dictionary, Language: English 
)
(/usr/share/texlive/texmf-dist/tex/latex/translator/translator-months-dictionar
y-English.dict
Dictionary: translator-months-dictionary, Language: English 
)
(/usr/share/texlive/texmf-dist/tex/latex/translator/translator-numbers-dictiona
ry-English.dict
Dictionary: translator-numbers-dictionary, Language: English 
)
(/usr/share/texlive/texmf-dist/tex/latex/translator/translator-theorem-dictiona
ry-English.dict
Dictionary: translator-theorem-dictionary, Language: English 
)

Package pgfplots Warning: running in backwards compatibility mode (unsuitable t
ick labels; missing features). Consider writing \pgfplotsset{compat=1.18} into 
your preamble.
 on input line 24.

Package caption Info: Begin \AtBeginDocument code.
Package caption Info: longtable package is loaded.
(/usr/share/texlive/texmf-dist/tex/latex/caption/ltcaption.sty
Package: ltcaption 2020/05/30 v1.4b longtable captions (AR)
)
Package caption Info: End \AtBeginDocument code.
 (./beamer.nav)

Package hyperref Warning: Option `pdfauthor' has already been used,
(hyperref)                setting the option has no effect on input line 25.

<iiserk.png, id=25, 274.02374pt x 301.125pt>
File: iiserk.png Graphic file (type png)
<use iiserk.png>
Package pdftex.def Info: iiserk.png  used on input line 35.
(pdftex.def)             Requested size: 34.14322pt x 37.51646pt.
[1

{/var/lib/texmf/fonts/map/pdftex/updmap/pdftex.map} <./iiserk.png>]
(./beamer.toc) [2

]
LaTeX Font Info:    Trying to load font information for OT1+lmr on input line 5
0.
 (/usr/share/texmf/tex/latex/lm/ot1lmr.fd
File: ot1lmr.fd 2009/10/30 v1.6 Font defs for Latin Modern
)
LaTeX Font Info:    Trying to load font information for OML+lmm on input line 5
0.

(/usr/share/texmf/tex/latex/lm/omllmm.fd
File: omllmm.fd 2009/10/30 v1.6 Font defs for Latin Modern
)
LaTeX Font Info:    Trying to load font information for OMS+lmsy on input line 
50.

(/usr/share/texmf/tex/latex/lm/omslmsy.fd
File: omslmsy.fd 2009/10/30 v1.6 Font defs for Latin Modern
)
LaTeX Font Info:    Trying to load font information for OMX+lmex on input line 
50.

(/usr/share/texmf/tex/latex/lm/omxlmex.fd
File: omxlmex.fd 2009/10/30 v1.6 Font defs for Latin Modern
)
LaTeX Font Info:    External font `lmex10' loaded for size
(Font)              <17.28> on input line 50.
LaTeX Font Info:    External font `lmex10' loaded for size
(Font)              <12> on input line 50.
LaTeX Font Info:    External font `lmex10' loaded for size
(Font)              <10> on input line 50.
LaTeX Font Info:    Trying to load font information for U+msa on input line 50.


(/usr/share/texlive/texmf-dist/tex/latex/amsfonts/umsa.fd
File: umsa.fd 2013/01/14 v3.01 AMS symbols A
)
LaTeX Font Info:    Trying to load font information for U+msb on input line 50.


(/usr/share/texlive/texmf-dist/tex/latex/amsfonts/umsb.fd
File: umsb.fd 2013/01/14 v3.01 AMS symbols B
)
LaTeX Font Info:    Trying to load font information for U+rsfs on input line 50
.

(/usr/share/texlive/texmf-dist/tex/latex/jknapltx/ursfs.fd
File: ursfs.fd 1998/03/24 rsfs font definition file (jk)
) [3

]
LaTeX Font Info:    External font `lmex10' loaded for size
(Font)              <8> on input line 73.
LaTeX Font Info:    External font `lmex10' loaded for size
(Font)              <6> on input line 73.
LaTeX Font Info:    External font `lmex10' loaded for size
(Font)              <5> on input line 73.
 [4

] [5

]
[6

] [7

] [8

] [9

] [10

]
Overfull \vbox (22.7867pt too high) detected at line 158
 []

[11

] [12

] [13

] [14

] [15

] [16

] [17

] [18

] [19

] [20

] [21

] [22

] [23

] [24

] [25

]
[26

] [27

] [28

]
Overfull \vbox (1.28671pt too high) detected at line 251
 []

[29

]
LaTeX Font Info:    Trying to load font information for U+euf on input line 275
.
 (/usr/share/texlive/texmf-dist/tex/latex/amsfonts/ueuf.fd
File: ueuf.fd 2013/01/14 v3.01 Euler Fraktur
) [30

] [31

]
[32

] [33

] [34

]
<poincare basic.png, id=236, 1523.91556pt x 1523.91556pt>
File: poincare basic.png Graphic file (type png)
<use poincare basic.png>
Package pdftex.def Info: poincare basic.png  used on input line 287.
(pdftex.def)             Requested size: 122.91406pt x 122.89236pt.
 [35

 <./poincare basic.png>]
Overfull \hbox (29.53755pt too wide) detected at line 314
[]
 []

[36

]
Overfull \hbox (29.53755pt too wide) detected at line 314
[]
 []

[37

]
Overfull \hbox (29.53755pt too wide) detected at line 314
[]
 []

<ellipse beamer.png, id=256, 2018.20667pt x 1468.59778pt>
File: ellipse beamer.png Graphic file (type png)
<use ellipse beamer.png>
Package pdftex.def Info: ellipse beamer.png  used on input line 314.
(pdftex.def)             Requested size: 123.89958pt x 90.15128pt.
<poincare beamer.png, id=257, 1534.62222pt x 1534.62222pt>
File: poincare beamer.png Graphic file (type png)
<use poincare beamer.png>
Package pdftex.def Info: poincare beamer.png  used on input line 314.
(pdftex.def)             Requested size: 92.9242pt x 92.91635pt.
[38

 <./ellipse beamer.png> <./poincare beamer.png>] [39

] [40

] [41

] [42

]
[43

] [44

] [45

] [46

] [47

] [48

] [49

]
<rad of cur beamer.png, id=325, 775.34111pt x 581.72888pt>
File: rad of cur beamer.png Graphic file (type png)
<use rad of cur beamer.png>
Package pdftex.def Info: rad of cur beamer.png  used on input line 396.
(pdftex.def)             Requested size: 153.64493pt x 115.27853pt.
<intensity_var beamer.png, id=326, 758.38889pt x 568.34555pt>
File: intensity_var beamer.png Graphic file (type png)
<use intensity_var beamer.png>
Package pdftex.def Info: intensity_var beamer.png  used on input line 396.
(pdftex.def)             Requested size: 153.64493pt x 115.14137pt.
 [50

 <./Rad of cur beamer.png> <./intensity_var beamer.png>] [51

]
<beam waist beamer.png, id=341, 1969.13445pt x 1023.37889pt>
File: beam waist beamer.png Graphic file (type png)
<use beam waist beamer.png>
Package pdftex.def Info: beam waist beamer.png  used on input line 420.
(pdftex.def)             Requested size: 153.64493pt x 79.84196pt.
 [52

 <./beam waist beamer.png>]
File: beam waist beamer.png Graphic file (type png)
<use beam waist beamer.png>
Package pdftex.def Info: beam waist beamer.png  used on input line 420.
(pdftex.def)             Requested size: 153.64493pt x 79.84196pt.
 [53

]
File: beam waist beamer.png Graphic file (type png)
<use beam waist beamer.png>
Package pdftex.def Info: beam waist beamer.png  used on input line 420.
(pdftex.def)             Requested size: 153.64493pt x 79.84196pt.
 [54

]
File: beam waist beamer.png Graphic file (type png)
<use beam waist beamer.png>
Package pdftex.def Info: beam waist beamer.png  used on input line 420.
(pdftex.def)             Requested size: 153.64493pt x 79.84196pt.
 [55

]
<gouy beamer.png, id=368, 578.16pt x 433.62pt>
File: gouy beamer.png Graphic file (type png)
<use gouy beamer.png>
Package pdftex.def Info: gouy beamer.png  used on input line 438.
(pdftex.def)             Requested size: 138.2795pt x 103.70702pt.
 [56

 <./gouy beamer.png>]
File: gouy beamer.png Graphic file (type png)
<use gouy beamer.png>
Package pdftex.def Info: gouy beamer.png  used on input line 438.
(pdftex.def)             Requested size: 138.2795pt x 103.70702pt.
 [57

]
File: gouy beamer.png Graphic file (type png)
<use gouy beamer.png>
Package pdftex.def Info: gouy beamer.png  used on input line 438.
(pdftex.def)             Requested size: 138.2795pt x 103.70702pt.
 [58

]
<R_vs_z beamer.png, id=388, 578.16pt x 433.62pt>
File: R_vs_z beamer.png Graphic file (type png)
<use R_vs_z beamer.png>
Package pdftex.def Info: R_vs_z beamer.png  used on input line 456.
(pdftex.def)             Requested size: 153.64493pt x 115.23296pt.
 [59

 <./R_vs_z beamer.png>]
File: R_vs_z beamer.png Graphic file (type png)
<use R_vs_z beamer.png>
Package pdftex.def Info: R_vs_z beamer.png  used on input line 456.
(pdftex.def)             Requested size: 153.64493pt x 115.23296pt.
 [60

]
File: R_vs_z beamer.png Graphic file (type png)
<use R_vs_z beamer.png>
Package pdftex.def Info: R_vs_z beamer.png  used on input line 456.
(pdftex.def)             Requested size: 153.64493pt x 115.23296pt.
 [61

]
<intensity beamer.png, id=409, 462.528pt x 331.9602pt>
File: intensity beamer.png Graphic file (type png)
<use intensity beamer.png>
Package pdftex.def Info: intensity beamer.png  used on input line 476.
(pdftex.def)             Requested size: 153.64493pt x 110.27153pt.
 [62

 <./intensity beamer.png>]
File: intensity beamer.png Graphic file (type png)
<use intensity beamer.png>
Package pdftex.def Info: intensity beamer.png  used on input line 476.
(pdftex.def)             Requested size: 153.64493pt x 110.27153pt.
 [63

]
File: intensity beamer.png Graphic file (type png)
<use intensity beamer.png>
Package pdftex.def Info: intensity beamer.png  used on input line 476.
(pdftex.def)             Requested size: 153.64493pt x 110.27153pt.
 [64

] [65

] [66

] [67

] [68

] [69

] [70

]
Overfull \hbox (13.15337pt too wide) detected at line 512
[]
 []

[71

]
Overfull \hbox (13.15337pt too wide) detected at line 512
[]
 []

[72

]
<intensity_hg00.png, id=475, 462.528pt x 346.896pt>
File: intensity_hg00.png Graphic file (type png)
<use intensity_hg00.png>
Package pdftex.def Info: intensity_hg00.png  used on input line 530.
(pdftex.def)             Requested size: 73.7506pt x 55.30864pt.
<intensity_hg01.png, id=476, 462.528pt x 346.896pt>
File: intensity_hg01.png Graphic file (type png)
<use intensity_hg01.png>
Package pdftex.def Info: intensity_hg01.png  used on input line 530.
(pdftex.def)             Requested size: 73.7506pt x 55.30864pt.
<intensity_hg02.png, id=477, 462.528pt x 346.896pt>
File: intensity_hg02.png Graphic file (type png)
<use intensity_hg02.png>
Package pdftex.def Info: intensity_hg02.png  used on input line 530.
(pdftex.def)             Requested size: 73.7506pt x 55.30864pt.
<intensity_hg10.png, id=478, 462.528pt x 346.896pt>
File: intensity_hg10.png Graphic file (type png)
<use intensity_hg10.png>
Package pdftex.def Info: intensity_hg10.png  used on input line 530.
(pdftex.def)             Requested size: 73.7506pt x 55.30864pt.
<intensity_hg11.png, id=479, 462.528pt x 346.896pt>
File: intensity_hg11.png Graphic file (type png)
<use intensity_hg11.png>
Package pdftex.def Info: intensity_hg11.png  used on input line 530.
(pdftex.def)             Requested size: 73.7506pt x 55.30864pt.
<intensity_hg12.png, id=480, 462.528pt x 346.896pt>
File: intensity_hg12.png Graphic file (type png)
<use intensity_hg12.png>
Package pdftex.def Info: intensity_hg12.png  used on input line 530.
(pdftex.def)             Requested size: 73.7506pt x 55.30864pt.
<intensity_hg20.png, id=481, 462.528pt x 346.896pt>
File: intensity_hg20.png Graphic file (type png)
<use intensity_hg20.png>
Package pdftex.def Info: intensity_hg20.png  used on input line 530.
(pdftex.def)             Requested size: 73.7506pt x 55.30864pt.
<intensity_hg21.png, id=482, 462.528pt x 346.896pt>
File: intensity_hg21.png Graphic file (type png)
<use intensity_hg21.png>
Package pdftex.def Info: intensity_hg21.png  used on input line 530.
(pdftex.def)             Requested size: 73.7506pt x 55.30864pt.
<intensity_hg22.png, id=483, 462.528pt x 346.896pt>
File: intensity_hg22.png Graphic file (type png)
<use intensity_hg22.png>
Package pdftex.def Info: intensity_hg22.png  used on input line 530.
(pdftex.def)             Requested size: 73.7506pt x 55.30864pt.
 [73

 <./intensity_hg00.png> <./intensity_hg01.png> <./intensity_hg02.png> <./intens
ity_hg10.png> <./intensity_hg11.png> <./intensity_hg12.png> <./intensity_hg20.p
ng> <./intensity_hg21.png> <./intensity_hg22.png>]
Overfull \hbox (6.83989pt too wide) detected at line 543
[]
 []

<ioam.png, id=499, 469.755pt x 313.17pt>
File: ioam.png Graphic file (type png)
<use ioam.png>
Package pdftex.def Info: ioam.png  used on input line 543.
(pdftex.def)             Requested size: 107.55098pt x 71.69785pt.
[74

 <./ioam.png>]
Overfull \hbox (6.83989pt too wide) detected at line 543
[]
 []

File: ioam.png Graphic file (type png)
<use ioam.png>
Package pdftex.def Info: ioam.png  used on input line 543.
(pdftex.def)             Requested size: 107.55098pt x 71.69785pt.
[75

]
Overfull \hbox (6.83989pt too wide) detected at line 543
[]
 []

File: ioam.png Graphic file (type png)
<use ioam.png>
Package pdftex.def Info: ioam.png  used on input line 543.
(pdftex.def)             Requested size: 107.55098pt x 71.69785pt.
[76

]
<intensity_lg00.png, id=516, 462.528pt x 346.896pt>
File: intensity_lg00.png Graphic file (type png)
<use intensity_lg00.png>
Package pdftex.def Info: intensity_lg00.png  used on input line 561.
(pdftex.def)             Requested size: 73.7506pt x 55.30864pt.
<intensity_lg01.png, id=517, 462.528pt x 346.896pt>
File: intensity_lg01.png Graphic file (type png)
<use intensity_lg01.png>
Package pdftex.def Info: intensity_lg01.png  used on input line 561.
(pdftex.def)             Requested size: 73.7506pt x 55.30864pt.
<intensity_lg02.png, id=518, 462.528pt x 346.896pt>
File: intensity_lg02.png Graphic file (type png)
<use intensity_lg02.png>
Package pdftex.def Info: intensity_lg02.png  used on input line 561.
(pdftex.def)             Requested size: 73.7506pt x 55.30864pt.
<intensity_lg10.png, id=519, 462.528pt x 346.896pt>
File: intensity_lg10.png Graphic file (type png)
<use intensity_lg10.png>
Package pdftex.def Info: intensity_lg10.png  used on input line 561.
(pdftex.def)             Requested size: 73.7506pt x 55.30864pt.
<intensity_lg11.png, id=520, 462.528pt x 346.896pt>
File: intensity_lg11.png Graphic file (type png)
<use intensity_lg11.png>
Package pdftex.def Info: intensity_lg11.png  used on input line 561.
(pdftex.def)             Requested size: 73.7506pt x 55.30864pt.
<intensity_lg12.png, id=521, 462.528pt x 346.896pt>
File: intensity_lg12.png Graphic file (type png)
<use intensity_lg12.png>
Package pdftex.def Info: intensity_lg12.png  used on input line 561.
(pdftex.def)             Requested size: 73.7506pt x 55.30864pt.
<intensity_lg20.png, id=522, 462.528pt x 346.896pt>
File: intensity_lg20.png Graphic file (type png)
<use intensity_lg20.png>
Package pdftex.def Info: intensity_lg20.png  used on input line 561.
(pdftex.def)             Requested size: 73.7506pt x 55.30864pt.
<intensity_lg21.png, id=523, 462.528pt x 346.896pt>
File: intensity_lg21.png Graphic file (type png)
<use intensity_lg21.png>
Package pdftex.def Info: intensity_lg21.png  used on input line 561.
(pdftex.def)             Requested size: 73.7506pt x 55.30864pt.
<intensity_lg22.png, id=524, 462.528pt x 346.896pt>
File: intensity_lg22.png Graphic file (type png)
<use intensity_lg22.png>
Package pdftex.def Info: intensity_lg22.png  used on input line 561.
(pdftex.def)             Requested size: 73.7506pt x 55.30864pt.
 [77

 <./intensity_lg00.png> <./intensity_lg01.png> <./intensity_lg02.png> <./intens
ity_lg10.png> <./intensity_lg11.png> <./intensity_lg12.png> <./intensity_lg20.p
ng> <./intensity_lg21.png> <./intensity_lg22.png>]
<phase_lg00.png, id=539, 462.528pt x 346.896pt>
File: phase_lg00.png Graphic file (type png)
<use phase_lg00.png>
Package pdftex.def Info: phase_lg00.png  used on input line 579.
(pdftex.def)             Requested size: 73.7506pt x 55.30864pt.
<phase_lg01.png, id=540, 462.528pt x 346.896pt>
File: phase_lg01.png Graphic file (type png)
<use phase_lg01.png>
Package pdftex.def Info: phase_lg01.png  used on input line 579.
(pdftex.def)             Requested size: 73.7506pt x 55.30864pt.
<phase_lg02.png, id=541, 462.528pt x 346.896pt>
File: phase_lg02.png Graphic file (type png)
<use phase_lg02.png>
Package pdftex.def Info: phase_lg02.png  used on input line 579.
(pdftex.def)             Requested size: 73.7506pt x 55.30864pt.
<phase_lg10.png, id=542, 462.528pt x 346.896pt>
File: phase_lg10.png Graphic file (type png)
<use phase_lg10.png>
Package pdftex.def Info: phase_lg10.png  used on input line 579.
(pdftex.def)             Requested size: 73.7506pt x 55.30864pt.
<phase_lg11.png, id=543, 462.528pt x 346.896pt>
File: phase_lg11.png Graphic file (type png)
<use phase_lg11.png>
Package pdftex.def Info: phase_lg11.png  used on input line 579.
(pdftex.def)             Requested size: 73.7506pt x 55.30864pt.
<phase_lg12.png, id=544, 462.528pt x 346.896pt>
File: phase_lg12.png Graphic file (type png)
<use phase_lg12.png>
Package pdftex.def Info: phase_lg12.png  used on input line 579.
(pdftex.def)             Requested size: 73.7506pt x 55.30864pt.
<phase_lg20.png, id=545, 462.528pt x 346.896pt>
File: phase_lg20.png Graphic file (type png)
<use phase_lg20.png>
Package pdftex.def Info: phase_lg20.png  used on input line 579.
(pdftex.def)             Requested size: 73.7506pt x 55.30864pt.
<phase_lg21.png, id=546, 462.528pt x 346.896pt>
File: phase_lg21.png Graphic file (type png)
<use phase_lg21.png>
Package pdftex.def Info: phase_lg21.png  used on input line 579.
(pdftex.def)             Requested size: 73.7506pt x 55.30864pt.
<phase_lg22.png, id=547, 462.528pt x 346.896pt>
File: phase_lg22.png Graphic file (type png)
<use phase_lg22.png>
Package pdftex.def Info: phase_lg22.png  used on input line 579.
(pdftex.def)             Requested size: 73.7506pt x 55.30864pt.
 [78

 <./phase_lg00.png> <./phase_lg01.png> <./phase_lg02.png> <./phase_lg10.png> <.
/phase_lg11.png> <./phase_lg12.png> <./phase_lg20.png> <./phase_lg21.png> <./ph
ase_lg22.png>]
[79

] [80

] [81

] [82

] [83

] [84

] [85

] [86

] [87

] [88

]
Overfull \hbox (0.16028pt too wide) detected at line 634
\OMS/lmsy/m/n/12 J[] \OT1/lmr/m/n/12 = [] [] \OML/lmm/m/it/12 d^^\ \OT1/lmr/m/n
/12 [[] \OMS/lmsy/m/n/12 ^^B []\OT1/lmr/m/n/12 ][] = [][][][] [] [] \OML/lmm/m/
it/12 dx dy  [][]
 []

[89

]
Overfull \hbox (0.16028pt too wide) detected at line 634
\OMS/lmsy/m/n/12 J[] \OT1/lmr/m/n/12 = [] [] \OML/lmm/m/it/12 d^^\ \OT1/lmr/m/n
/12 [[] \OMS/lmsy/m/n/12 ^^B []\OT1/lmr/m/n/12 ][] = [][][][][][][][] [] [] \OM
L/lmm/m/it/12 dx dy  [][]
 []

[90

]
Overfull \hbox (0.16028pt too wide) detected at line 634
\OMS/lmsy/m/n/12 J[] \OT1/lmr/m/n/12 = [] [] \OML/lmm/m/it/12 d^^\ \OT1/lmr/m/n
/12 [[] \OMS/lmsy/m/n/12 ^^B []\OT1/lmr/m/n/12 ][] = [][][][][][][][] [] [] \OM
L/lmm/m/it/12 dx dy  [][]
 []

[91

]
Overfull \hbox (0.16028pt too wide) detected at line 634
\OMS/lmsy/m/n/12 J[] \OT1/lmr/m/n/12 = [] [] \OML/lmm/m/it/12 d^^\ \OT1/lmr/m/n
/12 [[] \OMS/lmsy/m/n/12 ^^B []\OT1/lmr/m/n/12 ][] = [][][][][][][][] [] [] \OM
L/lmm/m/it/12 dx dy  [][]
 []

[92

]
Overfull \hbox (0.16028pt too wide) detected at line 634
\OMS/lmsy/m/n/12 J[] \OT1/lmr/m/n/12 = [] [] \OML/lmm/m/it/12 d^^\ \OT1/lmr/m/n
/12 [[] \OMS/lmsy/m/n/12 ^^B []\OT1/lmr/m/n/12 ][] = [][][][][][][][] [] [] \OM
L/lmm/m/it/12 dx dy  [][]
 []

[93

] [94

] [95

] [96

] [97

] [98

] [99

] [100

] [101

] [102

] [103

] [104

] [105

] [106

]
[107

] [108

] [109

] [110

] [111

] [112

] [113

] [114

] [115

] [116

]
File: ioam.png Graphic file (type png)
<use ioam.png>
Package pdftex.def Info: ioam.png  used on input line 686.
(pdftex.def)             Requested size: 153.64493pt x 102.42892pt.
<eoam.png, id=762, 498.86375pt x 310.15875pt>
File: eoam.png Graphic file (type png)
<use eoam.png>
Package pdftex.def Info: eoam.png  used on input line 686.
(pdftex.def)             Requested size: 153.64493pt x 95.5235pt.
<sam.png, id=763, 469.755pt x 313.17pt>
File: sam.png Graphic file (type png)
<use sam.png>
Package pdftex.def Info: sam.png  used on input line 686.
(pdftex.def)             Requested size: 153.64493pt x 102.42892pt.
 [117

 <./eoam.png> <./sam.png>]
File: ioam.png Graphic file (type png)
<use ioam.png>
Package pdftex.def Info: ioam.png  used on input line 686.
(pdftex.def)             Requested size: 153.64493pt x 102.42892pt.
File: eoam.png Graphic file (type png)
<use eoam.png>
Package pdftex.def Info: eoam.png  used on input line 686.
(pdftex.def)             Requested size: 153.64493pt x 95.5235pt.
File: sam.png Graphic file (type png)
<use sam.png>
Package pdftex.def Info: sam.png  used on input line 686.
(pdftex.def)             Requested size: 153.64493pt x 102.42892pt.
 [118

]
File: ioam.png Graphic file (type png)
<use ioam.png>
Package pdftex.def Info: ioam.png  used on input line 686.
(pdftex.def)             Requested size: 153.64493pt x 102.42892pt.
File: eoam.png Graphic file (type png)
<use eoam.png>
Package pdftex.def Info: eoam.png  used on input line 686.
(pdftex.def)             Requested size: 153.64493pt x 95.5235pt.
File: sam.png Graphic file (type png)
<use sam.png>
Package pdftex.def Info: sam.png  used on input line 686.
(pdftex.def)             Requested size: 153.64493pt x 102.42892pt.
 [119

] [120

] [121

] [122

] [123

] [124

] [125

] [126

]
Overfull \hbox (5.70226pt too wide) detected at line 739
[] \OT1/lmr/m/n/12 = [] [][]\OMS/lmsy/m/n/12 ! [] \OT1/lmr/m/n/12 = [][] [][][]
[]
 []

[127

]
Overfull \hbox (5.70226pt too wide) detected at line 739
[] \OT1/lmr/m/n/12 = [] [][]\OMS/lmsy/m/n/12 ! [] \OT1/lmr/m/n/12 = [][] [][][]
[]
 []

<berry.png, id=825, 1114.1625pt x 564.1075pt>
File: berry.png Graphic file (type png)
<use berry.png>
Package pdftex.def Info: berry.png  used on input line 739.
(pdftex.def)             Requested size: 153.64493pt x 77.78665pt.
[128

 <./berry.png>]
Overfull \hbox (5.70226pt too wide) detected at line 739
[] \OT1/lmr/m/n/12 = [] [][]\OMS/lmsy/m/n/12 ! [] \OT1/lmr/m/n/12 = [][] [][][]
[]
 []

File: berry.png Graphic file (type png)
<use berry.png>
Package pdftex.def Info: berry.png  used on input line 739.
(pdftex.def)             Requested size: 153.64493pt x 77.78665pt.
[129

]
Overfull \hbox (5.70226pt too wide) detected at line 739
[] \OT1/lmr/m/n/12 = [] [][]\OMS/lmsy/m/n/12 ! [] \OT1/lmr/m/n/12 = [][] [][][]
[]
 []

<k sphere beamer.png, id=839, 422.57875pt x 423.5825pt>
File: k sphere beamer.png Graphic file (type png)
<use k sphere beamer.png>
Package pdftex.def Info: k sphere beamer.png  used on input line 739.
(pdftex.def)             Requested size: 107.55098pt x 107.80205pt.
[130

 <./k sphere beamer.png>]
Overfull \hbox (5.70226pt too wide) detected at line 739
[] \OT1/lmr/m/n/12 = [] [][]\OMS/lmsy/m/n/12 ! [] \OT1/lmr/m/n/12 = [][] [][][]
[]
 []

File: k sphere beamer.png Graphic file (type png)
<use k sphere beamer.png>
Package pdftex.def Info: k sphere beamer.png  used on input line 739.
(pdftex.def)             Requested size: 107.55098pt x 107.80205pt.
[131

]
Overfull \hbox (5.70226pt too wide) detected at line 739
[] \OT1/lmr/m/n/12 = [] [][]\OMS/lmsy/m/n/12 ! [] \OT1/lmr/m/n/12 = [][] [][][]
[]
 []

File: k sphere beamer.png Graphic file (type png)
<use k sphere beamer.png>
Package pdftex.def Info: k sphere beamer.png  used on input line 739.
(pdftex.def)             Requested size: 107.55098pt x 107.80205pt.
[132

] [133

]
<pb expt.png, id=864, 1142.93666pt x 967.16888pt>
File: pb expt.png Graphic file (type png)
<use pb expt.png>
Package pdftex.def Info: pb expt.png  used on input line 761.
(pdftex.def)             Requested size: 153.64493pt x 130.01613pt.
 [134

 <./pb expt.png>]
<MI arm beamer.png, id=871, 1335.65666pt x 378.30222pt>
File: MI arm beamer.png Graphic file (type png)
<use MI arm beamer.png>
Package pdftex.def Info: MI arm beamer.png  used on input line 761.
(pdftex.def)             Requested size: 122.9164pt x 34.81345pt.
<poincare-pb.png, id=872, 1268.74pt x 1268.74pt>
File: poincare-pb.png Graphic file (type png)
<use poincare-pb.png>
Package pdftex.def Info: poincare-pb.png  used on input line 761.
(pdftex.def)             Requested size: 122.9164pt x 122.91275pt.
 [135

 <./MI arm beamer.png> <./poincare-pb.png>]
File: MI arm beamer.png Graphic file (type png)
<use MI arm beamer.png>
Package pdftex.def Info: MI arm beamer.png  used on input line 761.
(pdftex.def)             Requested size: 122.9164pt x 34.81345pt.
File: poincare-pb.png Graphic file (type png)
<use poincare-pb.png>
Package pdftex.def Info: poincare-pb.png  used on input line 761.
(pdftex.def)             Requested size: 122.9164pt x 122.91275pt.
 [136

]
File: MI arm beamer.png Graphic file (type png)
<use MI arm beamer.png>
Package pdftex.def Info: MI arm beamer.png  used on input line 761.
(pdftex.def)             Requested size: 122.9164pt x 34.81345pt.
File: poincare-pb.png Graphic file (type png)
<use poincare-pb.png>
Package pdftex.def Info: poincare-pb.png  used on input line 761.
(pdftex.def)             Requested size: 122.9164pt x 122.91275pt.
 [137

]
File: MI arm beamer.png Graphic file (type png)
<use MI arm beamer.png>
Package pdftex.def Info: MI arm beamer.png  used on input line 761.
(pdftex.def)             Requested size: 122.9164pt x 34.81345pt.
File: poincare-pb.png Graphic file (type png)
<use poincare-pb.png>
Package pdftex.def Info: poincare-pb.png  used on input line 761.
(pdftex.def)             Requested size: 122.9164pt x 122.91275pt.
 [138

]
File: MI arm beamer.png Graphic file (type png)
<use MI arm beamer.png>
Package pdftex.def Info: MI arm beamer.png  used on input line 761.
(pdftex.def)             Requested size: 122.9164pt x 34.81345pt.
File: poincare-pb.png Graphic file (type png)
<use poincare-pb.png>
Package pdftex.def Info: poincare-pb.png  used on input line 761.
(pdftex.def)             Requested size: 122.9164pt x 122.91275pt.
 [139

]
File: MI arm beamer.png Graphic file (type png)
<use MI arm beamer.png>
Package pdftex.def Info: MI arm beamer.png  used on input line 761.
(pdftex.def)             Requested size: 122.9164pt x 34.81345pt.
File: poincare-pb.png Graphic file (type png)
<use poincare-pb.png>
Package pdftex.def Info: poincare-pb.png  used on input line 761.
(pdftex.def)             Requested size: 122.9164pt x 122.91275pt.
 [140

]
File: MI arm beamer.png Graphic file (type png)
<use MI arm beamer.png>
Package pdftex.def Info: MI arm beamer.png  used on input line 761.
(pdftex.def)             Requested size: 122.9164pt x 34.81345pt.
File: poincare-pb.png Graphic file (type png)
<use poincare-pb.png>
Package pdftex.def Info: poincare-pb.png  used on input line 761.
(pdftex.def)             Requested size: 122.9164pt x 122.91275pt.
 [141

] [142

] [143

] [144

] [145

] [146

] [147

]
[148

] [149

] [150

] [151

] [152

] [153

] [154

] [155

]
<q-plate.png, id=985, 1092.08pt x 759.28111pt>
File: q-plate.png Graphic file (type png)
<use q-plate.png>
Package pdftex.def Info: q-plate.png  used on input line 838.
(pdftex.def)             Requested size: 153.64493pt x 106.81998pt.
 [156

 <./q-plate.png>]
<qplate(0).png, id=992, 578.16pt x 433.62pt>
File: qplate(0).png Graphic file (type png)
<use qplate(0).png>
Package pdftex.def Info: qplate(0).png  used on input line 871.
(pdftex.def)             Requested size: 107.55333pt x 80.66174pt.
<qplate(0.5).png, id=993, 578.16pt x 433.62pt>
File: qplate(0.5).png Graphic file (type png)
<use qplate(0.5).png>
Package pdftex.def Info: qplate(0.5).png  used on input line 871.
(pdftex.def)             Requested size: 107.55333pt x 80.66174pt.
<qplate(1).png, id=994, 578.16pt x 433.62pt>
File: qplate(1).png Graphic file (type png)
<use qplate(1).png>
Package pdftex.def Info: qplate(1).png  used on input line 871.
(pdftex.def)             Requested size: 107.55333pt x 80.66174pt.
<qplate(1,r).png, id=995, 578.16pt x 433.62pt>
File: qplate(1,r).png Graphic file (type png)
<use qplate(1,r).png>
Package pdftex.def Info: qplate(1,r).png  used on input line 871.
(pdftex.def)             Requested size: 107.55333pt x 80.66174pt.

Overfull \vbox (17.49866pt too high) detected at line 871
 []

[157

 <./qplate(0).png> <./qplate(0.5).png> <./qplate(1).png> <./qplate(1,r).png>]
Overfull \hbox (25.5183pt too wide) detected at line 909
[]
 []

[158

]
Overfull \hbox (25.5183pt too wide) detected at line 909
[]
 []

[159

]
Overfull \hbox (25.5183pt too wide) detected at line 909
[]
 []

[160

]
Overfull \hbox (25.5183pt too wide) detected at line 909
[]
 []

[161

]
Overfull \hbox (25.5183pt too wide) detected at line 909
[]
 []

[162

]
Overfull \hbox (25.5183pt too wide) detected at line 909
[]
 []

[163

]
Overfull \hbox (25.5183pt too wide) detected at line 909
[]
 []

[164

]
Overfull \hbox (25.5183pt too wide) detected at line 909
[]
 []

[165

]
Overfull \hbox (25.5183pt too wide) detected at line 909
[]
 []

[166

]
Overfull \hbox (25.5183pt too wide) detected at line 909
[]
 []

[167

] [168

]
\tf@nav=\write7
\openout7 = `beamer.nav'.

\tf@toc=\write8
\openout8 = `beamer.toc'.

\tf@snm=\write9
\openout9 = `beamer.snm'.

 (./beamer.aux)
Package rerunfilecheck Info: File `beamer.out' has not changed.
(rerunfilecheck)             Checksum: D65BFBB071B3E8DC7D33138FCF5C27F1;530.
 ) 
Here is how much of TeX's memory you used:
 39931 strings out of 480171
 923153 string characters out of 5894489
 1336863 words of memory out of 5000000
 56754 multiletter control sequences out of 15000+600000
 559235 words of font info for 96 fonts, out of 8000000 for 9000
 59 hyphenation exceptions out of 8191
 99i,25n,104p,702b,805s stack positions out of 5000i,500n,10000p,200000b,80000s
{/usr/share/texmf/fonts/enc/dvips/lm/lm-rm.enc}{/usr/share/texmf/fonts/enc/dv
ips/lm/lm-mathsy.enc}{/usr/share/texmf/fonts/enc/dvips/lm/lm-mathit.enc}{/usr/s
hare/texmf/fonts/enc/dvips/lm/lm-mathex.enc}{/usr/share/texmf/fonts/enc/dvips/l
m/lm-ec.enc}</usr/share/texlive/texmf-dist/fonts/type1/public/amsfonts/euler/eu
fb10.pfb></usr/share/texmf/fonts/type1/public/lm/lmbsy10.pfb></usr/share/texmf/
fonts/type1/public/lm/lmbx10.pfb></usr/share/texmf/fonts/type1/public/lm/lmbx12
.pfb></usr/share/texmf/fonts/type1/public/lm/lmbx6.pfb></usr/share/texmf/fonts/
type1/public/lm/lmbx8.pfb></usr/share/texmf/fonts/type1/public/lm/lmex10.pfb></
usr/share/texmf/fonts/type1/public/lm/lmmi12.pfb></usr/share/texmf/fonts/type1/
public/lm/lmmi6.pfb></usr/share/texmf/fonts/type1/public/lm/lmmi8.pfb></usr/sha
re/texmf/fonts/type1/public/lm/lmmib10.pfb></usr/share/texmf/fonts/type1/public
/lm/lmr12.pfb></usr/share/texmf/fonts/type1/public/lm/lmr17.pfb></usr/share/tex
mf/fonts/type1/public/lm/lmr6.pfb></usr/share/texmf/fonts/type1/public/lm/lmr8.
pfb></usr/share/texmf/fonts/type1/public/lm/lmri12.pfb></usr/share/texmf/fonts/
type1/public/lm/lmro10.pfb></usr/share/texmf/fonts/type1/public/lm/lmsy10.pfb><
/usr/share/texmf/fonts/type1/public/lm/lmsy8.pfb></usr/share/texlive/texmf-dist
/fonts/type1/public/amsfonts/symbols/msam10.pfb></usr/share/texlive/texmf-dist/
fonts/type1/public/amsfonts/symbols/msbm10.pfb>
Output written on beamer.pdf (168 pages, 3828371 bytes).
PDF statistics:
 1248 PDF objects out of 1440 (max. 8388607)
 918 compressed objects within 10 object streams
 350 named destinations out of 1000 (max. 500000)
 317 words of extra memory for PDF output out of 10000 (max. 10000000)

