\BOOKMARK [1][-]{section.1}{\376\377\000P\000O\000L\000A\000R\000I\000Z\000A\000T\000I\000O\000N}{}% 1
\BOOKMARK [2][-]{subsection.1.1}{\376\377\000I\000n\000t\000r\000o\000d\000u\000c\000t\000i\000o\000n}{section.1}% 2
\BOOKMARK [2][-]{subsection.1.2}{\376\377\000J\000o\000n\000e\000s\000\040\000f\000o\000r\000m\000a\000l\000i\000s\000m}{section.1}% 3
\BOOKMARK [3][-]{subsubsection.1.2.1}{\376\377\000J\000o\000n\000e\000s\000\040\000V\000e\000c\000t\000o\000r}{subsection.1.2}% 4
\BOOKMARK [3][-]{subsubsection.1.2.2}{\376\377\000J\000o\000n\000e\000s\000\040\000M\000a\000t\000r\000i\000x\000\040\000\046\000\040\000e\000v\000o\000l\000u\000t\000i\000o\000n\000\040\000o\000f\000\040\000J\000o\000n\000e\000s\000\040\000v\000e\000c\000t\000o\000r}{subsection.1.2}% 5
\BOOKMARK [3][-]{subsubsection.1.2.3}{\376\377\000D\000r\000a\000w\000b\000a\000c\000k\000\040\000o\000f\000\040\000J\000o\000n\000e\000s\000\040\000f\000o\000r\000m\000a\000l\000i\000s\000m}{subsection.1.2}% 6
\BOOKMARK [2][-]{subsection.1.3}{\376\377\000S\000t\000o\000k\000e\000s\000-\000M\000u\000l\000l\000e\000r\000\040\000f\000o\000r\000m\000a\000l\000i\000s\000m}{section.1}% 7
\BOOKMARK [3][-]{subsubsection.1.3.1}{\376\377\000C\000o\000h\000e\000r\000e\000n\000c\000y\000\040\000m\000a\000t\000r\000i\000x}{subsection.1.3}% 8
\BOOKMARK [3][-]{subsubsection.1.3.2}{\376\377\000S\000t\000o\000k\000e\000s\000\040\000p\000a\000r\000a\000m\000e\000t\000e\000r\000s\000\040\000a\000n\000d\000\040\000S\000t\000o\000k\000e\000s\000\040\000v\000e\000c\000t\000o\000r}{subsection.1.3}% 9
\BOOKMARK [3][-]{subsubsection.1.3.3}{\376\377\000M\000e\000a\000s\000u\000r\000e\000m\000e\000n\000t\000\040\000o\000f\000\040\000S\000t\000o\000k\000e\000s\000\040\000p\000a\000r\000a\000m\000e\000t\000e\000r\000s}{subsection.1.3}% 10
\BOOKMARK [3][-]{subsubsection.1.3.4}{\376\377\000P\000o\000i\000n\000c\000a\000r\000e\000\040\000s\000p\000h\000e\000r\000e\000\040\000r\000e\000p\000r\000e\000s\000e\000n\000t\000a\000t\000i\000o\000n}{subsection.1.3}% 11
\BOOKMARK [3][-]{subsubsection.1.3.5}{\376\377\000D\000e\000g\000r\000e\000e\000\040\000o\000f\000\040\000P\000o\000l\000a\000r\000i\000z\000a\000t\000i\000o\000n}{subsection.1.3}% 12
\BOOKMARK [3][-]{subsubsection.1.3.6}{\376\377\000M\000u\000l\000l\000e\000r\000\040\000M\000a\000t\000r\000i\000x\000\040\000\046\000\040\000e\000v\000o\000l\000u\000t\000i\000o\000n\000\040\000o\000f\000\040\000S\000t\000o\000k\000e\000s\000\040\000v\000e\000c\000t\000o\000r}{subsection.1.3}% 13
\BOOKMARK [3][-]{subsubsection.1.3.7}{\376\377\000R\000e\000l\000a\000t\000i\000o\000n\000s\000h\000i\000p\000\040\000b\000e\000t\000w\000e\000e\000n\000\040\000J\000o\000n\000e\000s\000\040\000\046\000\040\000S\000t\000o\000k\000e\000s\000-\000M\000u\000l\000l\000e\000r\000\040\000f\000o\000r\000m\000a\000l\000i\000s\000m}{subsection.1.3}% 14
\BOOKMARK [2][-]{subsection.1.4}{\376\377\000M\000o\000r\000e\000\040\000o\000n\000\040\000E\000l\000l\000i\000p\000t\000i\000c\000a\000l\000l\000y\000\040\000p\000o\000l\000a\000r\000i\000z\000e\000d\000\040\000l\000i\000g\000h\000t}{section.1}% 15
\BOOKMARK [3][-]{subsubsection.1.4.1}{\376\377\000J\000o\000n\000e\000s\000\040\000v\000e\000c\000t\000o\000r\000\040\000o\000f\000\040\000e\000l\000l\000i\000p\000t\000i\000c\000a\000l\000l\000y\000\040\000p\000o\000l\000a\000r\000i\000z\000e\000d\000\040\000l\000i\000g\000h\000t}{subsection.1.4}% 16
\BOOKMARK [3][-]{subsubsection.1.4.2}{\376\377\000S\000t\000o\000k\000e\000s\000\040\000v\000e\000c\000t\000o\000r\000\040\000a\000n\000d\000\040\000c\000o\000r\000r\000e\000s\000p\000o\000n\000d\000i\000n\000g\000\040\000P\000o\000i\000n\000c\000a\000r\000e\000\040\000r\000e\000p\000r\000e\000s\000e\000n\000t\000a\000t\000i\000o\000n}{subsection.1.4}% 17
\BOOKMARK [1][-]{section.2}{\376\377\000G\000A\000U\000S\000S\000I\000A\000N\000\040\000B\000E\000A\000M}{}% 18
\BOOKMARK [2][-]{subsection.2.1}{\376\377\000I\000n\000t\000r\000o\000d\000u\000c\000t\000i\000o\000n}{section.2}% 19
\BOOKMARK [2][-]{subsection.2.2}{\376\377\000P\000a\000r\000a\000x\000i\000a\000l\000\040\000w\000a\000v\000e\000\040\000e\000q\000u\000a\000t\000i\000o\000n\000\040\000a\000n\000d\000\040\000s\000o\000l\000u\000t\000i\000o\000n\000s}{section.2}% 20
\BOOKMARK [3][-]{subsubsection.2.2.1}{\376\377\000S\000c\000a\000l\000a\000r\000\040\000w\000a\000v\000e\000\040\000s\000o\000l\000u\000t\000i\000o\000n\000\040\000\050\000w\000i\000t\000h\000o\000u\000t\000\040\000p\000o\000l\000a\000r\000i\000z\000a\000t\000i\000o\000n\000\051}{subsection.2.2}% 21
\BOOKMARK [2][-]{subsection.2.3}{\376\377\000C\000h\000a\000r\000a\000c\000t\000e\000r\000i\000s\000t\000i\000c\000s\000\040\000o\000f\000\040\000G\000a\000u\000s\000s\000i\000a\000n\000\040\000B\000e\000a\000m\000\040}{section.2}% 22
\BOOKMARK [2][-]{subsection.2.4}{\376\377\000D\000i\000f\000f\000e\000r\000e\000n\000t\000\040\000m\000o\000d\000e\000s\000\040\000o\000f\000\040\000G\000a\000u\000s\000s\000i\000a\000n\000\040\000b\000e\000a\000m\000s}{section.2}% 23
\BOOKMARK [3][-]{subsubsection.2.4.1}{\376\377\000H\000e\000r\000m\000i\000t\000e\000-\000G\000a\000u\000s\000s\000i\000a\000n\000\040\000b\000e\000a\000m}{subsection.2.4}% 24
\BOOKMARK [3][-]{subsubsection.2.4.2}{\376\377\000L\000a\000g\000u\000e\000r\000r\000e\000-\000G\000a\000u\000s\000s\000i\000a\000n\000\040\000b\000e\000a\000m}{subsection.2.4}% 25
\BOOKMARK [1][-]{section.3}{\376\377\000M\000O\000M\000E\000N\000T\000U\000M\000\040\000O\000F\000\040\000L\000I\000G\000H\000T}{}% 26
\BOOKMARK [2][-]{subsection.3.1}{\376\377\000I\000n\000t\000r\000o\000d\000u\000c\000t\000i\000o\000n}{section.3}% 27
\BOOKMARK [2][-]{subsection.3.2}{\376\377\000L\000i\000n\000e\000a\000r\000\040\000a\000n\000d\000\040\000a\000n\000g\000u\000l\000a\000r\000\040\000m\000o\000m\000e\000n\000t\000u\000m\000\040\000o\000f\000\040\000l\000i\000g\000h\000t}{section.3}% 28
\BOOKMARK [2][-]{subsection.3.3}{\376\377\000M\000o\000r\000e\000\040\000o\000n\000\040\000a\000n\000g\000u\000l\000a\000r\000\040\000m\000o\000m\000e\000n\000t\000u\000m}{section.3}% 29
\BOOKMARK [2][-]{subsection.3.4}{\376\377\000O\000r\000b\000i\000t\000a\000l\000\040\000A\000n\000g\000u\000l\000a\000r\000\040\000M\000o\000m\000e\000n\000t\000u\000m\000\040\000\050\000O\000A\000M\000\051}{section.3}% 30
\BOOKMARK [3][-]{subsubsection.3.4.1}{\376\377\000I\000n\000t\000r\000i\000n\000s\000i\000c\000\040\000v\000s\000\040\000E\000x\000t\000r\000i\000n\000s\000i\000c\000\040\000O\000A\000M}{subsection.3.4}% 31
\BOOKMARK [2][-]{subsection.3.5}{\376\377\000S\000p\000i\000n\000\040\000A\000n\000g\000u\000l\000a\000r\000\040\000M\000o\000m\000e\000n\000t\000u\000m\000\040\000\050\000S\000A\000M\000\051}{section.3}% 32
\BOOKMARK [2][-]{subsection.3.6}{\376\377\000S\000p\000i\000n\000\040\000o\000r\000b\000i\000t\000\040\000e\000n\000e\000r\000g\000y}{section.3}% 33
\BOOKMARK [1][-]{section.4}{\376\377\000S\000P\000I\000N\000-\000O\000R\000B\000I\000T\000\040\000I\000N\000T\000E\000R\000A\000C\000T\000I\000O\000N}{}% 34
\BOOKMARK [2][-]{subsection.4.1}{\376\377\000G\000e\000o\000m\000e\000t\000r\000i\000c\000\040\000p\000h\000a\000s\000e\000\040\000o\000f\000\040\000l\000i\000g\000h\000t}{section.4}% 35
\BOOKMARK [3][-]{subsubsection.4.1.1}{\376\377\000S\000p\000i\000n\000\040\000r\000e\000d\000i\000r\000e\000c\000t\000i\000o\000n\000\040\000B\000e\000r\000r\000y\000\040\000p\000h\000a\000s\000e}{subsection.4.1}% 36
\BOOKMARK [3][-]{subsubsection.4.1.2}{\376\377\000P\000a\000n\000c\000h\000a\000r\000a\000t\000n\000a\000m\000-\000B\000e\000r\000r\000y\000\040\000P\000h\000a\000s\000e}{subsection.4.1}% 37
\BOOKMARK [3][-]{subsubsection.4.1.3}{\376\377\000L\000G\000-\000H\000G\000\040\000M\000o\000d\000e\000\040\000t\000r\000a\000n\000s\000f\000o\000r\000m\000a\000t\000i\000o\000n}{subsection.4.1}% 38
\BOOKMARK [2][-]{subsection.4.2}{\376\377\000T\000y\000p\000e\000s\000\040\000o\000f\000\040\000S\000O\000I}{section.4}% 39
\BOOKMARK [2][-]{subsection.4.3}{\376\377\000S\000O\000I\000\040\000i\000n\000\040\000i\000n\000h\000o\000m\000o\000g\000e\000n\000e\000o\000u\000s\000\040\000a\000n\000i\000s\000o\000t\000r\000o\000p\000i\000c\000\040\000m\000e\000d\000i\000u\000m}{section.4}% 40
